2017-06-23 00:44:07.769 [AWT-EventQueue-0] DEBUG [em] 



2017-06-23 00:44:07.770 [AWT-EventQueue-0] DEBUG [em] JRebel for Android IDE plugin started
2017-06-23 00:44:09.931 [AWT-EventQueue-0 3.0#AI-171.4101728 Studio, eap:true, os:Linux 4.8.0-56-generic, java-version:JetBrains s.r.o 1.8.0_112-release-b736] DEBUG [cD] Took a vm lock java.util.concurrent.locks.ReentrantLock@6ae7c995[Locked by thread AWT-EventQueue-0 3.0#AI-171.4101728 Studio, eap:true, os:Linux 4.8.0-56-generic, java-version:JetBrains s.r.o 1.8.0_112-release-b736] for file /home/dayfun/.jrebel-android/distributions/.lock
2017-06-23 00:44:09.932 [AWT-EventQueue-0 3.0#AI-171.4101728 Studio, eap:true, os:Linux 4.8.0-56-generic, java-version:JetBrains s.r.o 1.8.0_112-release-b736] DEBUG [cD] Took file lock sun.nio.ch.FileLockImpl[0:9223372036854775807 exclusive valid]
2017-06-23 00:44:09.932 [AWT-EventQueue-0 3.0#AI-171.4101728 Studio, eap:true, os:Linux 4.8.0-56-generic, java-version:JetBrains s.r.o 1.8.0_112-release-b736] DEBUG [cC] Reading distributions info in /home/dayfun/.jrebel-android/distributions
2017-06-23 00:44:09.932 [AWT-EventQueue-0 3.0#AI-171.4101728 Studio, eap:true, os:Linux 4.8.0-56-generic, java-version:JetBrains s.r.o 1.8.0_112-release-b736] DEBUG [cC] Found 0 distributions
2017-06-23 00:44:09.941 [AWT-EventQueue-0 3.0#AI-171.4101728 Studio, eap:true, os:Linux 4.8.0-56-generic, java-version:JetBrains s.r.o 1.8.0_112-release-b736] DEBUG [cC] Our dist folder should be /home/dayfun/.jrebel-android/distributions/2.2.40_20170615111200
2017-06-23 00:44:09.958 [AWT-EventQueue-0 3.0#AI-171.4101728 Studio, eap:true, os:Linux 4.8.0-56-generic, java-version:JetBrains s.r.o 1.8.0_112-release-b736] DEBUG [cC] Copying /home/dayfun/.AndroidStudioPreview3.0/config/plugins/jr-android-ide-studio/dist to /home/dayfun/.jrebel-android/distributions/2.2.40_20170615111200
2017-06-23 00:44:09.958 [AWT-EventQueue-0 3.0#AI-171.4101728 Studio, eap:true, os:Linux 4.8.0-56-generic, java-version:JetBrains s.r.o 1.8.0_112-release-b736] DEBUG [cC] Found 0 old and outdated distributions
2017-06-23 00:44:09.959 [AWT-EventQueue-0 3.0#AI-171.4101728 Studio, eap:true, os:Linux 4.8.0-56-generic, java-version:JetBrains s.r.o 1.8.0_112-release-b736] DEBUG [cC] Storing new distributions info
2017-06-23 00:44:09.961 [AWT-EventQueue-0 3.0#AI-171.4101728 Studio, eap:true, os:Linux 4.8.0-56-generic, java-version:JetBrains s.r.o 1.8.0_112-release-b736] DEBUG [cC] Using distribution folder /home/dayfun/.jrebel-android/distributions/2.2.40_20170615111200
2017-06-23 00:44:09.961 [AWT-EventQueue-0 3.0#AI-171.4101728 Studio, eap:true, os:Linux 4.8.0-56-generic, java-version:JetBrains s.r.o 1.8.0_112-release-b736] DEBUG [cD] Releasing lock for file lock sun.nio.ch.FileLockImpl[0:9223372036854775807 exclusive valid]
2017-06-23 00:44:09.961 [AWT-EventQueue-0 3.0#AI-171.4101728 Studio, eap:true, os:Linux 4.8.0-56-generic, java-version:JetBrains s.r.o 1.8.0_112-release-b736] DEBUG [cD] Releasing vm lock java.util.concurrent.locks.ReentrantLock@6ae7c995[Locked by thread AWT-EventQueue-0 3.0#AI-171.4101728 Studio, eap:true, os:Linux 4.8.0-56-generic, java-version:JetBrains s.r.o 1.8.0_112-release-b736] for lock file /home/dayfun/.jrebel-android/distributions/.lock
2017-06-23 00:44:09.962 [AWT-EventQueue-0 3.0#AI-171.4101728 Studio, eap:true, os:Linux 4.8.0-56-generic, java-version:JetBrains s.r.o 1.8.0_112-release-b736] DEBUG [JRebelApplicationComponent] Initializing global ide conf for the first time
2017-06-23 00:44:09.967 [AWT-EventQueue-0 3.0#AI-171.4101728 Studio, eap:true, os:Linux 4.8.0-56-generic, java-version:JetBrains s.r.o 1.8.0_112-release-b736] WARN  [gB] Reading license failed: java.io.FileNotFoundException: File '/home/dayfun/.jrebel-android/jrebel-android.lic' does not exist
2017-06-23 00:44:09.968 [AWT-EventQueue-0 3.0#AI-171.4101728 Studio, eap:true, os:Linux 4.8.0-56-generic, java-version:JetBrains s.r.o 1.8.0_112-release-b736] WARN  [gB] Reading license failed: java.io.FileNotFoundException: File '/home/dayfun/.jrebel-android/jrebel-android-dedicated.lic' does not exist
2017-06-23 00:46:26.038 [AWT-EventQueue-0 3.0#AI-171.4101728 Studio, eap:true, os:Linux 4.8.0-56-generic, java-version:JetBrains s.r.o 1.8.0_112-release-b736] INFO  [HttpServerComponent] HTTP server started on port: 37955
2017-06-23 00:46:26.039 [ApplicationImpl pooled thread 1] DEBUG [ProjectConfigurationComponent] Project JDK is not set in project configuration.
2017-06-23 00:46:39.568 [AWT-EventQueue-0 3.0#AI-171.4101728 Studio, eap:true, os:Linux 4.8.0-56-generic, java-version:JetBrains s.r.o 1.8.0_112-release-b736] DEBUG [OnboardingComponent] Performing initial startup validation check, startupActivationEnabled? true
2017-06-23 00:46:39.569 [AWT-EventQueue-0 3.0#AI-171.4101728 Studio, eap:true, os:Linux 4.8.0-56-generic, java-version:JetBrains s.r.o 1.8.0_112-release-b736] DEBUG [eB] License: com.zeroturnaround.jrebel.android.studio.gs@ae75c73
2017-06-23 00:46:39.569 [AWT-EventQueue-0 3.0#AI-171.4101728 Studio, eap:true, os:Linux 4.8.0-56-generic, java-version:JetBrains s.r.o 1.8.0_112-release-b736] DEBUG [eB] Performed background activation check, valid? false
2017-06-23 00:46:39.569 [AWT-EventQueue-0 3.0#AI-171.4101728 Studio, eap:true, os:Linux 4.8.0-56-generic, java-version:JetBrains s.r.o 1.8.0_112-release-b736] DEBUG [eB] No license present at all. Showing startup activation dialog.
2017-06-23 00:49:01.542 [AWT-EventQueue-0 3.0#AI-171.4101728 Studio, eap:true, os:Linux 4.8.0-56-generic, java-version:JetBrains s.r.o 1.8.0_112-release-b736] DEBUG [hw] Activation failed: Please agree with the terms & conditions of the License Agreement
2017-06-23 00:49:04.682 [AWT-EventQueue-0 3.0#AI-171.4101728 Studio, eap:true, os:Linux 4.8.0-56-generic, java-version:JetBrains s.r.o 1.8.0_112-release-b736] DEBUG [fs] Requesting activation for /home/dayfun/Downloads/jrebel-android.lic while using activator com.zeroturnaround.jrebel.android.studio.eE@3c5d3f3c
2017-06-23 00:49:04.709 [SwingWorker-pool-6-thread-1] DEBUG [eD] Initializing new license, old license present: false
2017-06-23 00:49:04.711 [SwingWorker-pool-6-thread-1] DEBUG [gu] Found license data: {lastName=Thorngren, GeneratedBy=AUTO, Email=joethorngren@gmail.com, Organization=Personal, Product=JRebel for Android, GeneratedOn=Sun Mar 26 07:15:02 MDT 2017, validFrom=Sun Mar 26 07:11:24 MDT 2017, OrderId=de7c9907c1724e356e3adc16524c1f59f9a5bbdd, limitedFrom=Sun Mar 26 07:11:24 MDT 2017, version=1.21, Name=Joe Thorngren, Seats=1, uid=781c62b19de29accfafb0d0d94eb4a57f398b6f2, firstName=Joe, Type=personal, validUntil=Mon Mar 26 07:11:24 MDT 2018, ZeroId=176847, limitedUntil=Mon Mar 26 07:11:24 MDT 2018}
2017-06-23 00:49:04.723 [SwingWorker-pool-6-thread-1] DEBUG [gm] Read and verified the license.
2017-06-23 00:49:04.723 [SwingWorker-pool-6-thread-1] DEBUG [gq] License validation passed.
2017-06-23 00:49:04.723 [SwingWorker-pool-6-thread-1] DEBUG [gB] Read license successfully.
2017-06-23 00:49:04.723 [SwingWorker-pool-6-thread-1] DEBUG [gq] License validation passed.
2017-06-23 00:49:04.724 [SwingWorker-pool-6-thread-1] DEBUG [gu] Found license data: {lastName=Thorngren, GeneratedBy=AUTO, Email=joethorngren@gmail.com, Organization=Personal, Product=JRebel for Android, GeneratedOn=Sun Mar 26 07:15:02 MDT 2017, validFrom=Sun Mar 26 07:11:24 MDT 2017, OrderId=de7c9907c1724e356e3adc16524c1f59f9a5bbdd, limitedFrom=Sun Mar 26 07:11:24 MDT 2017, version=1.21, Name=Joe Thorngren, Seats=1, uid=781c62b19de29accfafb0d0d94eb4a57f398b6f2, firstName=Joe, Type=personal, validUntil=Mon Mar 26 07:11:24 MDT 2018, ZeroId=176847, limitedUntil=Mon Mar 26 07:11:24 MDT 2018}
2017-06-23 00:49:04.726 [SwingWorker-pool-6-thread-1] DEBUG [gm] Read and verified the license.
2017-06-23 00:49:04.726 [SwingWorker-pool-6-thread-1] DEBUG [gq] License validation passed.
2017-06-23 00:49:04.726 [SwingWorker-pool-6-thread-1] DEBUG [gB] Read license successfully.
2017-06-23 00:49:04.767 [SwingWorker-pool-6-thread-1] DEBUG [gq] License validation passed.
2017-06-23 00:49:04.809 [AWT-EventQueue-0 3.0#AI-171.4101728 Studio, eap:true, os:Linux 4.8.0-56-generic, java-version:JetBrains s.r.o 1.8.0_112-release-b736] DEBUG [fs] Successfully activated
2017-06-23 00:49:08.247 [AWT-EventQueue-0 3.0#AI-171.4101728 Studio, eap:true, os:Linux 4.8.0-56-generic, java-version:JetBrains s.r.o 1.8.0_112-release-b736] DEBUG [OnboardingComponent] User is activated
2017-06-23 00:49:08.248 [AWT-EventQueue-0 3.0#AI-171.4101728 Studio, eap:true, os:Linux 4.8.0-56-generic, java-version:JetBrains s.r.o 1.8.0_112-release-b736] DEBUG [OnboardingComponent] License is valid
2017-06-23 00:49:08.248 [ApplicationImpl pooled thread 4] DEBUG [ProjectConfigurationComponent] Trying to launch a Gradle daemon in advance.
2017-06-23 00:49:08.248 [ApplicationImpl pooled thread 4] DEBUG [ProjectConfigurationComponent] Found Gradle wrapper executable with /home/dayfun/Code_Complete/Android/ThisScriptedLife/FindFitBark/gradlew.
2017-06-23 00:49:08.249 [ApplicationImpl pooled thread 4] DEBUG [ProjectConfigurationComponent] Unable to fetch project SDK. Cannot start the Gradle daemon in advance.
2017-06-23 00:49:50.805 [ApplicationImpl pooled thread 22] DEBUG [nk] Executing [/usr/lib/jvm/java-8-oracle/bin/java, -version].
2017-06-23 00:49:50.806 [ApplicationImpl pooled thread 22] DEBUG [nk] Started java.lang.UNIXProcess@4fac6d7e
2017-06-23 00:49:50.844 [Thread-27] DEBUG [ProjectConfigurationComponent$a$1] java version "1.8.0_131"
2017-06-23 00:49:50.845 [Thread-27] DEBUG [ProjectConfigurationComponent$a$1] Java(TM) SE Runtime Environment (build 1.8.0_131-b11)
2017-06-23 00:49:50.845 [Thread-27] DEBUG [ProjectConfigurationComponent$a$1] Java HotSpot(TM) 64-Bit Server VM (build 25.131-b11, mixed mode)
2017-06-23 00:49:50.848 [WaitForProcess-java.lang.UNIXProcess@4fac6d7e] DEBUG [nn] java.lang.UNIXProcess@4fac6d7e stopped with exit code 0
2017-06-23 00:49:50.850 [ApplicationImpl pooled thread 22] DEBUG [ProjectConfigurationComponent] Detected 64-bit JVM.
2017-06-23 00:49:51.312 [ApplicationImpl pooled thread 15] DEBUG [nk] Executing [/usr/lib/jvm/java-8-oracle/bin/java, -version].
2017-06-23 00:49:51.312 [ApplicationImpl pooled thread 15] DEBUG [nk] Started java.lang.UNIXProcess@2fff9d62
2017-06-23 00:49:51.349 [Thread-28] DEBUG [ProjectConfigurationComponent$a$1] java version "1.8.0_131"
2017-06-23 00:49:51.349 [Thread-28] DEBUG [ProjectConfigurationComponent$a$1] Java(TM) SE Runtime Environment (build 1.8.0_131-b11)
2017-06-23 00:49:51.349 [Thread-28] DEBUG [ProjectConfigurationComponent$a$1] Java HotSpot(TM) 64-Bit Server VM (build 25.131-b11, mixed mode)
2017-06-23 00:49:51.353 [WaitForProcess-java.lang.UNIXProcess@2fff9d62] DEBUG [nn] java.lang.UNIXProcess@2fff9d62 stopped with exit code 0
2017-06-23 00:49:51.357 [ApplicationImpl pooled thread 15] DEBUG [ProjectConfigurationComponent] Detected 64-bit JVM.
2017-06-23 01:02:50.394 [AWT-EventQueue-0 3.0#AI-171.4101728 Studio, eap:true, os:Linux 4.8.0-56-generic, java-version:JetBrains s.r.o 1.8.0_112-release-b736] DEBUG [fM] Stopping.
2017-06-23 01:02:50.394 [NanoHttpd Main Listener] DEBUG [NanoHTTPD] Failed to accept socket: java.net.SocketException: Socket closed
2017-06-23 01:02:57.664 [AWT-EventQueue-0] DEBUG [em] 



2017-06-23 01:02:57.664 [AWT-EventQueue-0] DEBUG [em] JRebel for Android IDE plugin started
2017-06-23 01:02:59.719 [AWT-EventQueue-0 3.0#AI-171.4101728 Studio, eap:true, os:Linux 4.8.0-56-generic, java-version:JetBrains s.r.o 1.8.0_112-release-b736] DEBUG [cD] Took a vm lock java.util.concurrent.locks.ReentrantLock@53e56ef2[Locked by thread AWT-EventQueue-0 3.0#AI-171.4101728 Studio, eap:true, os:Linux 4.8.0-56-generic, java-version:JetBrains s.r.o 1.8.0_112-release-b736] for file /home/dayfun/.jrebel-android/distributions/.lock
2017-06-23 01:02:59.720 [AWT-EventQueue-0 3.0#AI-171.4101728 Studio, eap:true, os:Linux 4.8.0-56-generic, java-version:JetBrains s.r.o 1.8.0_112-release-b736] DEBUG [cD] Took file lock sun.nio.ch.FileLockImpl[0:9223372036854775807 exclusive valid]
2017-06-23 01:02:59.720 [AWT-EventQueue-0 3.0#AI-171.4101728 Studio, eap:true, os:Linux 4.8.0-56-generic, java-version:JetBrains s.r.o 1.8.0_112-release-b736] DEBUG [cC] Reading distributions info in /home/dayfun/.jrebel-android/distributions
2017-06-23 01:02:59.726 [AWT-EventQueue-0 3.0#AI-171.4101728 Studio, eap:true, os:Linux 4.8.0-56-generic, java-version:JetBrains s.r.o 1.8.0_112-release-b736] DEBUG [cC] Found 1 distributions
2017-06-23 01:02:59.736 [AWT-EventQueue-0 3.0#AI-171.4101728 Studio, eap:true, os:Linux 4.8.0-56-generic, java-version:JetBrains s.r.o 1.8.0_112-release-b736] DEBUG [cC] Our dist folder should be /home/dayfun/.jrebel-android/distributions/2.2.40_20170615111200
2017-06-23 01:02:59.737 [AWT-EventQueue-0 3.0#AI-171.4101728 Studio, eap:true, os:Linux 4.8.0-56-generic, java-version:JetBrains s.r.o 1.8.0_112-release-b736] DEBUG [cC] Found 0 old and outdated distributions
2017-06-23 01:02:59.737 [AWT-EventQueue-0 3.0#AI-171.4101728 Studio, eap:true, os:Linux 4.8.0-56-generic, java-version:JetBrains s.r.o 1.8.0_112-release-b736] DEBUG [cC] Storing new distributions info
2017-06-23 01:02:59.738 [AWT-EventQueue-0 3.0#AI-171.4101728 Studio, eap:true, os:Linux 4.8.0-56-generic, java-version:JetBrains s.r.o 1.8.0_112-release-b736] DEBUG [cC] Using distribution folder /home/dayfun/.jrebel-android/distributions/2.2.40_20170615111200
2017-06-23 01:02:59.738 [AWT-EventQueue-0 3.0#AI-171.4101728 Studio, eap:true, os:Linux 4.8.0-56-generic, java-version:JetBrains s.r.o 1.8.0_112-release-b736] DEBUG [cD] Releasing lock for file lock sun.nio.ch.FileLockImpl[0:9223372036854775807 exclusive valid]
2017-06-23 01:02:59.738 [AWT-EventQueue-0 3.0#AI-171.4101728 Studio, eap:true, os:Linux 4.8.0-56-generic, java-version:JetBrains s.r.o 1.8.0_112-release-b736] DEBUG [cD] Releasing vm lock java.util.concurrent.locks.ReentrantLock@53e56ef2[Locked by thread AWT-EventQueue-0 3.0#AI-171.4101728 Studio, eap:true, os:Linux 4.8.0-56-generic, java-version:JetBrains s.r.o 1.8.0_112-release-b736] for lock file /home/dayfun/.jrebel-android/distributions/.lock
2017-06-23 01:02:59.746 [AWT-EventQueue-0 3.0#AI-171.4101728 Studio, eap:true, os:Linux 4.8.0-56-generic, java-version:JetBrains s.r.o 1.8.0_112-release-b736] WARN  [gB] Reading license failed: java.io.FileNotFoundException: File '/home/dayfun/.jrebel-android/jrebel-android.lic' does not exist
2017-06-23 01:02:59.749 [AWT-EventQueue-0 3.0#AI-171.4101728 Studio, eap:true, os:Linux 4.8.0-56-generic, java-version:JetBrains s.r.o 1.8.0_112-release-b736] DEBUG [gu] Found license data: {lastName=Thorngren, GeneratedBy=AUTO, Email=joethorngren@gmail.com, Organization=Personal, Product=JRebel for Android, GeneratedOn=Sun Mar 26 07:15:02 MDT 2017, validFrom=Sun Mar 26 07:11:24 MDT 2017, OrderId=de7c9907c1724e356e3adc16524c1f59f9a5bbdd, limitedFrom=Sun Mar 26 07:11:24 MDT 2017, version=1.21, Name=Joe Thorngren, Seats=1, uid=781c62b19de29accfafb0d0d94eb4a57f398b6f2, firstName=Joe, Type=personal, validUntil=Mon Mar 26 07:11:24 MDT 2018, ZeroId=176847, limitedUntil=Mon Mar 26 07:11:24 MDT 2018}
2017-06-23 01:02:59.779 [AWT-EventQueue-0 3.0#AI-171.4101728 Studio, eap:true, os:Linux 4.8.0-56-generic, java-version:JetBrains s.r.o 1.8.0_112-release-b736] DEBUG [gm] Read and verified the license.
2017-06-23 01:02:59.779 [AWT-EventQueue-0 3.0#AI-171.4101728 Studio, eap:true, os:Linux 4.8.0-56-generic, java-version:JetBrains s.r.o 1.8.0_112-release-b736] DEBUG [gq] License validation passed.
2017-06-23 01:02:59.779 [AWT-EventQueue-0 3.0#AI-171.4101728 Studio, eap:true, os:Linux 4.8.0-56-generic, java-version:JetBrains s.r.o 1.8.0_112-release-b736] DEBUG [gB] Read license successfully.
2017-06-23 01:02:59.824 [AWT-EventQueue-0 3.0#AI-171.4101728 Studio, eap:true, os:Linux 4.8.0-56-generic, java-version:JetBrains s.r.o 1.8.0_112-release-b736] DEBUG [gq] License validation passed.
2017-06-23 01:02:59.849 [AWT-EventQueue-0 3.0#AI-171.4101728 Studio, eap:true, os:Linux 4.8.0-56-generic, java-version:JetBrains s.r.o 1.8.0_112-release-b736] DEBUG [gq] License validation passed.
2017-06-23 01:04:01.178 [AWT-EventQueue-0 3.0#AI-171.4101728 Studio, eap:true, os:Linux 4.8.0-56-generic, java-version:JetBrains s.r.o 1.8.0_112-release-b736] INFO  [HttpServerComponent] HTTP server started on port: 34683
2017-06-23 01:04:01.179 [ApplicationImpl pooled thread 1] DEBUG [ProjectConfigurationComponent] Project JDK is not set in project configuration.
2017-06-23 01:04:08.395 [AWT-EventQueue-0 3.0#AI-171.4101728 Studio, eap:true, os:Linux 4.8.0-56-generic, java-version:JetBrains s.r.o 1.8.0_112-release-b736] DEBUG [OnboardingComponent] Performing initial startup validation check, startupActivationEnabled? false
2017-06-23 01:04:08.396 [AWT-EventQueue-0 3.0#AI-171.4101728 Studio, eap:true, os:Linux 4.8.0-56-generic, java-version:JetBrains s.r.o 1.8.0_112-release-b736] DEBUG [gq] License validation passed.
2017-06-23 01:04:08.396 [AWT-EventQueue-0 3.0#AI-171.4101728 Studio, eap:true, os:Linux 4.8.0-56-generic, java-version:JetBrains s.r.o 1.8.0_112-release-b736] DEBUG [eB] License: com.zeroturnaround.jrebel.android.studio.gA@3e5f2f01
2017-06-23 01:04:08.396 [AWT-EventQueue-0 3.0#AI-171.4101728 Studio, eap:true, os:Linux 4.8.0-56-generic, java-version:JetBrains s.r.o 1.8.0_112-release-b736] DEBUG [eB] Performed background activation check, valid? true
2017-06-23 01:04:08.398 [AWT-EventQueue-0 3.0#AI-171.4101728 Studio, eap:true, os:Linux 4.8.0-56-generic, java-version:JetBrains s.r.o 1.8.0_112-release-b736] DEBUG [OnboardingComponent] User is activated
2017-06-23 01:04:08.399 [AWT-EventQueue-0 3.0#AI-171.4101728 Studio, eap:true, os:Linux 4.8.0-56-generic, java-version:JetBrains s.r.o 1.8.0_112-release-b736] DEBUG [OnboardingComponent] License is valid
2017-06-23 01:04:08.399 [ApplicationImpl pooled thread 2] DEBUG [ProjectConfigurationComponent] Trying to launch a Gradle daemon in advance.
2017-06-23 01:04:08.400 [ApplicationImpl pooled thread 2] DEBUG [ProjectConfigurationComponent] Found Gradle wrapper executable with /home/dayfun/Code_Complete/Android/ThisScriptedLife/FindFitBark/gradlew.
2017-06-23 01:04:08.400 [ApplicationImpl pooled thread 2] DEBUG [ProjectConfigurationComponent] Unable to fetch project SDK. Cannot start the Gradle daemon in advance.
2017-06-23 01:04:10.500 [ApplicationImpl pooled thread 10] DEBUG [nk] Executing [/usr/lib/jvm/java-8-oracle/bin/java, -version].
2017-06-23 01:04:10.504 [ApplicationImpl pooled thread 10] DEBUG [nk] Started java.lang.UNIXProcess@48cb7c41
2017-06-23 01:04:10.542 [Thread-19] DEBUG [ProjectConfigurationComponent$a$1] java version "1.8.0_131"
2017-06-23 01:04:10.542 [Thread-19] DEBUG [ProjectConfigurationComponent$a$1] Java(TM) SE Runtime Environment (build 1.8.0_131-b11)
2017-06-23 01:04:10.542 [Thread-19] DEBUG [ProjectConfigurationComponent$a$1] Java HotSpot(TM) 64-Bit Server VM (build 25.131-b11, mixed mode)
2017-06-23 01:04:10.545 [WaitForProcess-java.lang.UNIXProcess@48cb7c41] DEBUG [nn] java.lang.UNIXProcess@48cb7c41 stopped with exit code 0
2017-06-23 01:04:10.547 [ApplicationImpl pooled thread 10] DEBUG [ProjectConfigurationComponent] Detected 64-bit JVM.
2017-06-23 01:04:11.257 [ApplicationImpl pooled thread 10] DEBUG [nk] Executing [/usr/lib/jvm/java-8-oracle/bin/java, -version].
2017-06-23 01:04:11.259 [ApplicationImpl pooled thread 10] DEBUG [nk] Started java.lang.UNIXProcess@3b95f1c4
2017-06-23 01:04:11.303 [Thread-20] DEBUG [ProjectConfigurationComponent$a$1] java version "1.8.0_131"
2017-06-23 01:04:11.303 [Thread-20] DEBUG [ProjectConfigurationComponent$a$1] Java(TM) SE Runtime Environment (build 1.8.0_131-b11)
2017-06-23 01:04:11.303 [Thread-20] DEBUG [ProjectConfigurationComponent$a$1] Java HotSpot(TM) 64-Bit Server VM (build 25.131-b11, mixed mode)
2017-06-23 01:04:11.306 [WaitForProcess-java.lang.UNIXProcess@3b95f1c4] DEBUG [nn] java.lang.UNIXProcess@3b95f1c4 stopped with exit code 0
2017-06-23 01:04:11.312 [ApplicationImpl pooled thread 10] DEBUG [ProjectConfigurationComponent] Detected 64-bit JVM.
2017-06-23 01:12:09.593 [AWT-EventQueue-0] DEBUG [em] 



2017-06-23 01:12:09.594 [AWT-EventQueue-0] DEBUG [em] JRebel for Android IDE plugin started
2017-06-23 01:12:11.922 [AWT-EventQueue-0 3.0#AI-171.4101728 Studio, eap:true, os:Linux 4.8.0-56-generic, java-version:JetBrains s.r.o 1.8.0_112-release-b736] DEBUG [cD] Took a vm lock java.util.concurrent.locks.ReentrantLock@24bf205a[Locked by thread AWT-EventQueue-0 3.0#AI-171.4101728 Studio, eap:true, os:Linux 4.8.0-56-generic, java-version:JetBrains s.r.o 1.8.0_112-release-b736] for file /home/dayfun/.jrebel-android/distributions/.lock
2017-06-23 01:12:11.923 [AWT-EventQueue-0 3.0#AI-171.4101728 Studio, eap:true, os:Linux 4.8.0-56-generic, java-version:JetBrains s.r.o 1.8.0_112-release-b736] DEBUG [cD] Took file lock sun.nio.ch.FileLockImpl[0:9223372036854775807 exclusive valid]
2017-06-23 01:12:11.923 [AWT-EventQueue-0 3.0#AI-171.4101728 Studio, eap:true, os:Linux 4.8.0-56-generic, java-version:JetBrains s.r.o 1.8.0_112-release-b736] DEBUG [cC] Reading distributions info in /home/dayfun/.jrebel-android/distributions
2017-06-23 01:12:11.932 [AWT-EventQueue-0 3.0#AI-171.4101728 Studio, eap:true, os:Linux 4.8.0-56-generic, java-version:JetBrains s.r.o 1.8.0_112-release-b736] DEBUG [cC] Found 1 distributions
2017-06-23 01:12:11.945 [AWT-EventQueue-0 3.0#AI-171.4101728 Studio, eap:true, os:Linux 4.8.0-56-generic, java-version:JetBrains s.r.o 1.8.0_112-release-b736] DEBUG [cC] Our dist folder should be /home/dayfun/.jrebel-android/distributions/2.2.40_20170615111200
2017-06-23 01:12:11.946 [AWT-EventQueue-0 3.0#AI-171.4101728 Studio, eap:true, os:Linux 4.8.0-56-generic, java-version:JetBrains s.r.o 1.8.0_112-release-b736] DEBUG [cC] Found 0 old and outdated distributions
2017-06-23 01:12:11.946 [AWT-EventQueue-0 3.0#AI-171.4101728 Studio, eap:true, os:Linux 4.8.0-56-generic, java-version:JetBrains s.r.o 1.8.0_112-release-b736] DEBUG [cC] Storing new distributions info
2017-06-23 01:12:11.947 [AWT-EventQueue-0 3.0#AI-171.4101728 Studio, eap:true, os:Linux 4.8.0-56-generic, java-version:JetBrains s.r.o 1.8.0_112-release-b736] DEBUG [cC] Using distribution folder /home/dayfun/.jrebel-android/distributions/2.2.40_20170615111200
2017-06-23 01:12:11.947 [AWT-EventQueue-0 3.0#AI-171.4101728 Studio, eap:true, os:Linux 4.8.0-56-generic, java-version:JetBrains s.r.o 1.8.0_112-release-b736] DEBUG [cD] Releasing lock for file lock sun.nio.ch.FileLockImpl[0:9223372036854775807 exclusive valid]
2017-06-23 01:12:11.947 [AWT-EventQueue-0 3.0#AI-171.4101728 Studio, eap:true, os:Linux 4.8.0-56-generic, java-version:JetBrains s.r.o 1.8.0_112-release-b736] DEBUG [cD] Releasing vm lock java.util.concurrent.locks.ReentrantLock@24bf205a[Locked by thread AWT-EventQueue-0 3.0#AI-171.4101728 Studio, eap:true, os:Linux 4.8.0-56-generic, java-version:JetBrains s.r.o 1.8.0_112-release-b736] for lock file /home/dayfun/.jrebel-android/distributions/.lock
2017-06-23 01:12:11.957 [AWT-EventQueue-0 3.0#AI-171.4101728 Studio, eap:true, os:Linux 4.8.0-56-generic, java-version:JetBrains s.r.o 1.8.0_112-release-b736] WARN  [gB] Reading license failed: java.io.FileNotFoundException: File '/home/dayfun/.jrebel-android/jrebel-android.lic' does not exist
2017-06-23 01:12:11.961 [AWT-EventQueue-0 3.0#AI-171.4101728 Studio, eap:true, os:Linux 4.8.0-56-generic, java-version:JetBrains s.r.o 1.8.0_112-release-b736] DEBUG [gu] Found license data: {lastName=Thorngren, GeneratedBy=AUTO, Email=joethorngren@gmail.com, Organization=Personal, Product=JRebel for Android, GeneratedOn=Sun Mar 26 07:15:02 MDT 2017, validFrom=Sun Mar 26 07:11:24 MDT 2017, OrderId=de7c9907c1724e356e3adc16524c1f59f9a5bbdd, limitedFrom=Sun Mar 26 07:11:24 MDT 2017, version=1.21, Name=Joe Thorngren, Seats=1, uid=781c62b19de29accfafb0d0d94eb4a57f398b6f2, firstName=Joe, Type=personal, validUntil=Mon Mar 26 07:11:24 MDT 2018, ZeroId=176847, limitedUntil=Mon Mar 26 07:11:24 MDT 2018}
2017-06-23 01:12:12.002 [AWT-EventQueue-0 3.0#AI-171.4101728 Studio, eap:true, os:Linux 4.8.0-56-generic, java-version:JetBrains s.r.o 1.8.0_112-release-b736] DEBUG [gm] Read and verified the license.
2017-06-23 01:12:12.003 [AWT-EventQueue-0 3.0#AI-171.4101728 Studio, eap:true, os:Linux 4.8.0-56-generic, java-version:JetBrains s.r.o 1.8.0_112-release-b736] DEBUG [gq] License validation passed.
2017-06-23 01:12:12.003 [AWT-EventQueue-0 3.0#AI-171.4101728 Studio, eap:true, os:Linux 4.8.0-56-generic, java-version:JetBrains s.r.o 1.8.0_112-release-b736] DEBUG [gB] Read license successfully.
2017-06-23 01:12:12.059 [AWT-EventQueue-0 3.0#AI-171.4101728 Studio, eap:true, os:Linux 4.8.0-56-generic, java-version:JetBrains s.r.o 1.8.0_112-release-b736] DEBUG [gq] License validation passed.
2017-06-23 01:12:12.087 [AWT-EventQueue-0 3.0#AI-171.4101728 Studio, eap:true, os:Linux 4.8.0-56-generic, java-version:JetBrains s.r.o 1.8.0_112-release-b736] DEBUG [gq] License validation passed.
2017-06-23 01:12:13.400 [ApplicationImpl pooled thread 2] INFO  [HttpServerComponent] HTTP server started on port: 42291
2017-06-23 01:12:13.405 [ApplicationImpl pooled thread 4] DEBUG [nk] Executing [/usr/lib/jvm/java-8-oracle/bin/java, -version].
2017-06-23 01:12:13.406 [ApplicationImpl pooled thread 4] DEBUG [nk] Started java.lang.UNIXProcess@13c78bb
2017-06-23 01:12:13.531 [Thread-8] DEBUG [ProjectConfigurationComponent$a$1] java version "1.8.0_131"
2017-06-23 01:12:13.531 [Thread-8] DEBUG [ProjectConfigurationComponent$a$1] Java(TM) SE Runtime Environment (build 1.8.0_131-b11)
2017-06-23 01:12:13.531 [Thread-8] DEBUG [ProjectConfigurationComponent$a$1] Java HotSpot(TM) 64-Bit Server VM (build 25.131-b11, mixed mode)
2017-06-23 01:12:13.579 [WaitForProcess-java.lang.UNIXProcess@13c78bb] DEBUG [nn] java.lang.UNIXProcess@13c78bb stopped with exit code 0
2017-06-23 01:12:13.581 [ApplicationImpl pooled thread 4] DEBUG [ProjectConfigurationComponent] Detected 64-bit JVM.
2017-06-23 01:12:14.177 [AWT-EventQueue-0 3.0#AI-171.4101728 Studio, eap:true, os:Linux 4.8.0-56-generic, java-version:JetBrains s.r.o 1.8.0_112-release-b736] DEBUG [OnboardingComponent] Performing initial startup validation check, startupActivationEnabled? false
2017-06-23 01:12:14.178 [AWT-EventQueue-0 3.0#AI-171.4101728 Studio, eap:true, os:Linux 4.8.0-56-generic, java-version:JetBrains s.r.o 1.8.0_112-release-b736] DEBUG [gq] License validation passed.
2017-06-23 01:12:14.178 [AWT-EventQueue-0 3.0#AI-171.4101728 Studio, eap:true, os:Linux 4.8.0-56-generic, java-version:JetBrains s.r.o 1.8.0_112-release-b736] DEBUG [eB] License: com.zeroturnaround.jrebel.android.studio.gA@24a10ec
2017-06-23 01:12:14.178 [AWT-EventQueue-0 3.0#AI-171.4101728 Studio, eap:true, os:Linux 4.8.0-56-generic, java-version:JetBrains s.r.o 1.8.0_112-release-b736] DEBUG [eB] Performed background activation check, valid? true
2017-06-23 01:12:14.181 [AWT-EventQueue-0 3.0#AI-171.4101728 Studio, eap:true, os:Linux 4.8.0-56-generic, java-version:JetBrains s.r.o 1.8.0_112-release-b736] DEBUG [OnboardingComponent] User is activated
2017-06-23 01:12:14.181 [AWT-EventQueue-0 3.0#AI-171.4101728 Studio, eap:true, os:Linux 4.8.0-56-generic, java-version:JetBrains s.r.o 1.8.0_112-release-b736] DEBUG [OnboardingComponent] License is valid
2017-06-23 01:12:14.182 [ApplicationImpl pooled thread 1] DEBUG [ProjectConfigurationComponent] Trying to launch a Gradle daemon in advance.
2017-06-23 01:12:14.182 [ApplicationImpl pooled thread 1] DEBUG [ProjectConfigurationComponent] Found Gradle wrapper executable with /home/dayfun/Code_Complete/Android/ThisScriptedLife/FindFitBark/gradlew.
2017-06-23 01:12:14.183 [ApplicationImpl pooled thread 1] DEBUG [nk] Executing [/home/dayfun/Code_Complete/Android/ThisScriptedLife/FindFitBark/gradlew, --daemon, -b, /tmp/.gradleDaemonStartup3981082259207953612.gradle, -c, /tmp/.gradleDaemonStartup3981082259207953612.gradle, -u] with environment {JAVA_HOME=/usr/lib/jvm/java-8-oracle}.
2017-06-23 01:12:14.183 [ApplicationImpl pooled thread 1] DEBUG [nk] Started java.lang.UNIXProcess@109cb630
2017-06-23 01:12:14.868 [Thread-9] DEBUG [ProjectConfigurationComponent] Starting a Gradle Daemon, 1 stopped Daemon could not be reused, use --status for details
2017-06-23 01:12:16.718 [Thread-9] DEBUG [ProjectConfigurationComponent] :help
2017-06-23 01:12:16.719 [Thread-9] DEBUG [ProjectConfigurationComponent] 
2017-06-23 01:12:16.719 [Thread-9] DEBUG [ProjectConfigurationComponent] Welcome to Gradle 4.0-rc-1.
2017-06-23 01:12:16.719 [Thread-9] DEBUG [ProjectConfigurationComponent] 
2017-06-23 01:12:16.719 [Thread-9] DEBUG [ProjectConfigurationComponent] To run a build, run gradlew <task> ...
2017-06-23 01:12:16.719 [Thread-9] DEBUG [ProjectConfigurationComponent] 
2017-06-23 01:12:16.719 [Thread-9] DEBUG [ProjectConfigurationComponent] To see a list of available tasks, run gradlew tasks
2017-06-23 01:12:16.719 [Thread-9] DEBUG [ProjectConfigurationComponent] 
2017-06-23 01:12:16.719 [Thread-9] DEBUG [ProjectConfigurationComponent] To see a list of command-line options, run gradlew --help
2017-06-23 01:12:16.719 [Thread-9] DEBUG [ProjectConfigurationComponent] 
2017-06-23 01:12:16.719 [Thread-9] DEBUG [ProjectConfigurationComponent] To see more detail about a task, run gradlew help --task <task>
2017-06-23 01:12:16.728 [Thread-9] DEBUG [ProjectConfigurationComponent] 
2017-06-23 01:12:16.728 [Thread-9] DEBUG [ProjectConfigurationComponent] BUILD SUCCESSFUL in 2s
2017-06-23 01:12:16.728 [Thread-9] DEBUG [ProjectConfigurationComponent] 1 actionable task: 1 executed
2017-06-23 01:12:17.059 [WaitForProcess-java.lang.UNIXProcess@109cb630] DEBUG [nn] java.lang.UNIXProcess@109cb630 stopped with exit code 0
2017-06-23 01:12:18.708 [ApplicationImpl pooled thread 4] DEBUG [nk] Executing [/usr/lib/jvm/java-8-oracle/bin/java, -version].
2017-06-23 01:12:18.709 [ApplicationImpl pooled thread 4] DEBUG [nk] Started java.lang.UNIXProcess@21c72c01
2017-06-23 01:12:18.763 [Thread-10] DEBUG [ProjectConfigurationComponent$a$1] java version "1.8.0_131"
2017-06-23 01:12:18.763 [Thread-10] DEBUG [ProjectConfigurationComponent$a$1] Java(TM) SE Runtime Environment (build 1.8.0_131-b11)
2017-06-23 01:12:18.763 [Thread-10] DEBUG [ProjectConfigurationComponent$a$1] Java HotSpot(TM) 64-Bit Server VM (build 25.131-b11, mixed mode)
2017-06-23 01:12:18.765 [WaitForProcess-java.lang.UNIXProcess@21c72c01] DEBUG [nn] java.lang.UNIXProcess@21c72c01 stopped with exit code 0
2017-06-23 01:12:18.769 [ApplicationImpl pooled thread 4] DEBUG [ProjectConfigurationComponent] Detected 64-bit JVM.
2017-06-23 02:21:58.773 [AWT-EventQueue-0] DEBUG [em] 



2017-06-23 02:21:58.773 [AWT-EventQueue-0] DEBUG [em] JRebel for Android IDE plugin started
2017-06-23 02:22:00.929 [AWT-EventQueue-0 3.0#AI-171.4101728 Studio, eap:true, os:Linux 4.8.0-56-generic, java-version:JetBrains s.r.o 1.8.0_112-release-b736] DEBUG [cD] Took a vm lock java.util.concurrent.locks.ReentrantLock@3fe8773e[Locked by thread AWT-EventQueue-0 3.0#AI-171.4101728 Studio, eap:true, os:Linux 4.8.0-56-generic, java-version:JetBrains s.r.o 1.8.0_112-release-b736] for file /home/dayfun/.jrebel-android/distributions/.lock
2017-06-23 02:22:00.930 [AWT-EventQueue-0 3.0#AI-171.4101728 Studio, eap:true, os:Linux 4.8.0-56-generic, java-version:JetBrains s.r.o 1.8.0_112-release-b736] DEBUG [cD] Took file lock sun.nio.ch.FileLockImpl[0:9223372036854775807 exclusive valid]
2017-06-23 02:22:00.931 [AWT-EventQueue-0 3.0#AI-171.4101728 Studio, eap:true, os:Linux 4.8.0-56-generic, java-version:JetBrains s.r.o 1.8.0_112-release-b736] DEBUG [cC] Reading distributions info in /home/dayfun/.jrebel-android/distributions
2017-06-23 02:22:00.940 [AWT-EventQueue-0 3.0#AI-171.4101728 Studio, eap:true, os:Linux 4.8.0-56-generic, java-version:JetBrains s.r.o 1.8.0_112-release-b736] DEBUG [cC] Found 1 distributions
2017-06-23 02:22:00.955 [AWT-EventQueue-0 3.0#AI-171.4101728 Studio, eap:true, os:Linux 4.8.0-56-generic, java-version:JetBrains s.r.o 1.8.0_112-release-b736] DEBUG [cC] Our dist folder should be /home/dayfun/.jrebel-android/distributions/2.2.40_20170615111200
2017-06-23 02:22:00.956 [AWT-EventQueue-0 3.0#AI-171.4101728 Studio, eap:true, os:Linux 4.8.0-56-generic, java-version:JetBrains s.r.o 1.8.0_112-release-b736] DEBUG [cC] Found 0 old and outdated distributions
2017-06-23 02:22:00.956 [AWT-EventQueue-0 3.0#AI-171.4101728 Studio, eap:true, os:Linux 4.8.0-56-generic, java-version:JetBrains s.r.o 1.8.0_112-release-b736] DEBUG [cC] Storing new distributions info
2017-06-23 02:22:00.957 [AWT-EventQueue-0 3.0#AI-171.4101728 Studio, eap:true, os:Linux 4.8.0-56-generic, java-version:JetBrains s.r.o 1.8.0_112-release-b736] DEBUG [cC] Using distribution folder /home/dayfun/.jrebel-android/distributions/2.2.40_20170615111200
2017-06-23 02:22:00.957 [AWT-EventQueue-0 3.0#AI-171.4101728 Studio, eap:true, os:Linux 4.8.0-56-generic, java-version:JetBrains s.r.o 1.8.0_112-release-b736] DEBUG [cD] Releasing lock for file lock sun.nio.ch.FileLockImpl[0:9223372036854775807 exclusive valid]
2017-06-23 02:22:00.958 [AWT-EventQueue-0 3.0#AI-171.4101728 Studio, eap:true, os:Linux 4.8.0-56-generic, java-version:JetBrains s.r.o 1.8.0_112-release-b736] DEBUG [cD] Releasing vm lock java.util.concurrent.locks.ReentrantLock@3fe8773e[Locked by thread AWT-EventQueue-0 3.0#AI-171.4101728 Studio, eap:true, os:Linux 4.8.0-56-generic, java-version:JetBrains s.r.o 1.8.0_112-release-b736] for lock file /home/dayfun/.jrebel-android/distributions/.lock
2017-06-23 02:22:00.966 [AWT-EventQueue-0 3.0#AI-171.4101728 Studio, eap:true, os:Linux 4.8.0-56-generic, java-version:JetBrains s.r.o 1.8.0_112-release-b736] WARN  [gB] Reading license failed: java.io.FileNotFoundException: File '/home/dayfun/.jrebel-android/jrebel-android.lic' does not exist
2017-06-23 02:22:00.969 [AWT-EventQueue-0 3.0#AI-171.4101728 Studio, eap:true, os:Linux 4.8.0-56-generic, java-version:JetBrains s.r.o 1.8.0_112-release-b736] DEBUG [gu] Found license data: {lastName=Thorngren, GeneratedBy=AUTO, Email=joethorngren@gmail.com, Organization=Personal, Product=JRebel for Android, GeneratedOn=Sun Mar 26 07:15:02 MDT 2017, validFrom=Sun Mar 26 07:11:24 MDT 2017, OrderId=de7c9907c1724e356e3adc16524c1f59f9a5bbdd, limitedFrom=Sun Mar 26 07:11:24 MDT 2017, version=1.21, Name=Joe Thorngren, Seats=1, uid=781c62b19de29accfafb0d0d94eb4a57f398b6f2, firstName=Joe, Type=personal, validUntil=Mon Mar 26 07:11:24 MDT 2018, ZeroId=176847, limitedUntil=Mon Mar 26 07:11:24 MDT 2018}
2017-06-23 02:22:00.997 [AWT-EventQueue-0 3.0#AI-171.4101728 Studio, eap:true, os:Linux 4.8.0-56-generic, java-version:JetBrains s.r.o 1.8.0_112-release-b736] DEBUG [gm] Read and verified the license.
2017-06-23 02:22:00.998 [AWT-EventQueue-0 3.0#AI-171.4101728 Studio, eap:true, os:Linux 4.8.0-56-generic, java-version:JetBrains s.r.o 1.8.0_112-release-b736] DEBUG [gq] License validation passed.
2017-06-23 02:22:00.998 [AWT-EventQueue-0 3.0#AI-171.4101728 Studio, eap:true, os:Linux 4.8.0-56-generic, java-version:JetBrains s.r.o 1.8.0_112-release-b736] DEBUG [gB] Read license successfully.
2017-06-23 02:22:01.046 [AWT-EventQueue-0 3.0#AI-171.4101728 Studio, eap:true, os:Linux 4.8.0-56-generic, java-version:JetBrains s.r.o 1.8.0_112-release-b736] DEBUG [gq] License validation passed.
2017-06-23 02:22:01.072 [AWT-EventQueue-0 3.0#AI-171.4101728 Studio, eap:true, os:Linux 4.8.0-56-generic, java-version:JetBrains s.r.o 1.8.0_112-release-b736] DEBUG [gq] License validation passed.
2017-06-23 02:22:02.341 [ApplicationImpl pooled thread 4] INFO  [HttpServerComponent] HTTP server started on port: 45495
2017-06-23 02:22:02.348 [ApplicationImpl pooled thread 3] DEBUG [nk] Executing [/usr/lib/jvm/java-8-oracle/bin/java, -version].
2017-06-23 02:22:02.353 [ApplicationImpl pooled thread 3] DEBUG [nk] Started java.lang.UNIXProcess@24f32f87
2017-06-23 02:22:02.501 [Thread-8] DEBUG [ProjectConfigurationComponent$a$1] java version "1.8.0_131"
2017-06-23 02:22:02.501 [Thread-8] DEBUG [ProjectConfigurationComponent$a$1] Java(TM) SE Runtime Environment (build 1.8.0_131-b11)
2017-06-23 02:22:02.501 [Thread-8] DEBUG [ProjectConfigurationComponent$a$1] Java HotSpot(TM) 64-Bit Server VM (build 25.131-b11, mixed mode)
2017-06-23 02:22:02.503 [WaitForProcess-java.lang.UNIXProcess@24f32f87] DEBUG [nn] java.lang.UNIXProcess@24f32f87 stopped with exit code 0
2017-06-23 02:22:02.543 [ApplicationImpl pooled thread 3] DEBUG [ProjectConfigurationComponent] Detected 64-bit JVM.
2017-06-23 02:22:03.180 [AWT-EventQueue-0 3.0#AI-171.4101728 Studio, eap:true, os:Linux 4.8.0-56-generic, java-version:JetBrains s.r.o 1.8.0_112-release-b736] DEBUG [OnboardingComponent] Performing initial startup validation check, startupActivationEnabled? false
2017-06-23 02:22:03.181 [AWT-EventQueue-0 3.0#AI-171.4101728 Studio, eap:true, os:Linux 4.8.0-56-generic, java-version:JetBrains s.r.o 1.8.0_112-release-b736] DEBUG [gq] License validation passed.
2017-06-23 02:22:03.181 [AWT-EventQueue-0 3.0#AI-171.4101728 Studio, eap:true, os:Linux 4.8.0-56-generic, java-version:JetBrains s.r.o 1.8.0_112-release-b736] DEBUG [eB] License: com.zeroturnaround.jrebel.android.studio.gA@2d948c11
2017-06-23 02:22:03.181 [AWT-EventQueue-0 3.0#AI-171.4101728 Studio, eap:true, os:Linux 4.8.0-56-generic, java-version:JetBrains s.r.o 1.8.0_112-release-b736] DEBUG [eB] Performed background activation check, valid? true
2017-06-23 02:22:03.185 [AWT-EventQueue-0 3.0#AI-171.4101728 Studio, eap:true, os:Linux 4.8.0-56-generic, java-version:JetBrains s.r.o 1.8.0_112-release-b736] DEBUG [OnboardingComponent] User is activated
2017-06-23 02:22:03.187 [AWT-EventQueue-0 3.0#AI-171.4101728 Studio, eap:true, os:Linux 4.8.0-56-generic, java-version:JetBrains s.r.o 1.8.0_112-release-b736] DEBUG [OnboardingComponent] License is valid
2017-06-23 02:22:03.189 [ApplicationImpl pooled thread 1] DEBUG [ProjectConfigurationComponent] Trying to launch a Gradle daemon in advance.
2017-06-23 02:22:03.189 [ApplicationImpl pooled thread 1] DEBUG [ProjectConfigurationComponent] Found Gradle wrapper executable with /home/dayfun/Code_Complete/Android/ThisScriptedLife/FindFitBark/gradlew.
2017-06-23 02:22:03.190 [ApplicationImpl pooled thread 1] DEBUG [nk] Executing [/home/dayfun/Code_Complete/Android/ThisScriptedLife/FindFitBark/gradlew, --daemon, -b, /tmp/.gradleDaemonStartup5723133130354329741.gradle, -c, /tmp/.gradleDaemonStartup5723133130354329741.gradle, -u] with environment {JAVA_HOME=/usr/lib/jvm/java-8-oracle}.
2017-06-23 02:22:03.193 [ApplicationImpl pooled thread 1] DEBUG [nk] Started java.lang.UNIXProcess@2f29f346
2017-06-23 02:22:03.855 [Thread-9] DEBUG [ProjectConfigurationComponent] Starting a Gradle Daemon (subsequent builds will be faster)
2017-06-23 02:22:05.652 [Thread-9] DEBUG [ProjectConfigurationComponent] :help
2017-06-23 02:22:05.652 [Thread-9] DEBUG [ProjectConfigurationComponent] 
2017-06-23 02:22:05.652 [Thread-9] DEBUG [ProjectConfigurationComponent] Welcome to Gradle 4.0-rc-1.
2017-06-23 02:22:05.652 [Thread-9] DEBUG [ProjectConfigurationComponent] 
2017-06-23 02:22:05.652 [Thread-9] DEBUG [ProjectConfigurationComponent] To run a build, run gradlew <task> ...
2017-06-23 02:22:05.652 [Thread-9] DEBUG [ProjectConfigurationComponent] 
2017-06-23 02:22:05.652 [Thread-9] DEBUG [ProjectConfigurationComponent] To see a list of available tasks, run gradlew tasks
2017-06-23 02:22:05.652 [Thread-9] DEBUG [ProjectConfigurationComponent] 
2017-06-23 02:22:05.652 [Thread-9] DEBUG [ProjectConfigurationComponent] To see a list of command-line options, run gradlew --help
2017-06-23 02:22:05.652 [Thread-9] DEBUG [ProjectConfigurationComponent] 
2017-06-23 02:22:05.652 [Thread-9] DEBUG [ProjectConfigurationComponent] To see more detail about a task, run gradlew help --task <task>
2017-06-23 02:22:05.652 [Thread-9] DEBUG [ProjectConfigurationComponent] 
2017-06-23 02:22:05.652 [Thread-9] DEBUG [ProjectConfigurationComponent] BUILD SUCCESSFUL in 2s
2017-06-23 02:22:05.652 [Thread-9] DEBUG [ProjectConfigurationComponent] 1 actionable task: 1 executed
2017-06-23 02:22:06.018 [WaitForProcess-java.lang.UNIXProcess@2f29f346] DEBUG [nn] java.lang.UNIXProcess@2f29f346 stopped with exit code 0
2017-06-23 02:22:07.287 [ApplicationImpl pooled thread 7] DEBUG [nk] Executing [/usr/lib/jvm/java-8-oracle/bin/java, -version].
2017-06-23 02:22:07.290 [ApplicationImpl pooled thread 7] DEBUG [nk] Started java.lang.UNIXProcess@1d2e8f55
2017-06-23 02:22:07.343 [Thread-10] DEBUG [ProjectConfigurationComponent$a$1] java version "1.8.0_131"
2017-06-23 02:22:07.343 [Thread-10] DEBUG [ProjectConfigurationComponent$a$1] Java(TM) SE Runtime Environment (build 1.8.0_131-b11)
2017-06-23 02:22:07.343 [Thread-10] DEBUG [ProjectConfigurationComponent$a$1] Java HotSpot(TM) 64-Bit Server VM (build 25.131-b11, mixed mode)
2017-06-23 02:22:07.344 [WaitForProcess-java.lang.UNIXProcess@1d2e8f55] DEBUG [nn] java.lang.UNIXProcess@1d2e8f55 stopped with exit code 0
2017-06-23 02:22:07.345 [ApplicationImpl pooled thread 7] DEBUG [ProjectConfigurationComponent] Detected 64-bit JVM.
