2017-08-16 00:44:48.029 [ApplicationImpl pooled thread 70] DEBUG [nm] Executing [/home/dayfun/Apps/Android-Studio-Stable/jre/bin/java, -version].
2017-08-16 00:44:48.036 [ApplicationImpl pooled thread 70] DEBUG [nm] Started java.lang.UNIXProcess@61a3af9f
2017-08-16 00:44:48.081 [Thread-52] DEBUG [ProjectConfigurationComponent$a$1] openjdk version "1.8.0_112-release"
2017-08-16 00:44:48.081 [Thread-52] DEBUG [ProjectConfigurationComponent$a$1] OpenJDK Runtime Environment (build 1.8.0_112-release-b06)
2017-08-16 00:44:48.081 [Thread-52] DEBUG [ProjectConfigurationComponent$a$1] OpenJDK 64-Bit Server VM (build 25.112-b06, mixed mode)
2017-08-16 00:44:48.083 [WaitForProcess-java.lang.UNIXProcess@61a3af9f] DEBUG [np] java.lang.UNIXProcess@61a3af9f stopped with exit code 0
2017-08-16 00:44:48.084 [ApplicationImpl pooled thread 70] DEBUG [ProjectConfigurationComponent] Detected 64-bit JVM.
2017-08-16 00:44:48.171 [ApplicationImpl pooled thread 67] DEBUG [nm] Executing [/home/dayfun/Apps/Android-Studio-Stable/jre/bin/java, -version].
2017-08-16 00:44:48.177 [ApplicationImpl pooled thread 67] DEBUG [nm] Started java.lang.UNIXProcess@2b17537e
2017-08-16 00:44:48.208 [Thread-53] DEBUG [ProjectConfigurationComponent$a$1] openjdk version "1.8.0_112-release"
2017-08-16 00:44:48.208 [Thread-53] DEBUG [ProjectConfigurationComponent$a$1] OpenJDK Runtime Environment (build 1.8.0_112-release-b06)
2017-08-16 00:44:48.208 [Thread-53] DEBUG [ProjectConfigurationComponent$a$1] OpenJDK 64-Bit Server VM (build 25.112-b06, mixed mode)
2017-08-16 00:44:48.210 [WaitForProcess-java.lang.UNIXProcess@2b17537e] DEBUG [np] java.lang.UNIXProcess@2b17537e stopped with exit code 0
2017-08-16 00:44:48.211 [ApplicationImpl pooled thread 67] DEBUG [ProjectConfigurationComponent] Detected 64-bit JVM.
2017-08-16 00:45:24.309 [ApplicationImpl pooled thread 71] DEBUG [nm] Executing [/home/dayfun/Apps/Android-Studio-Stable/jre/bin/java, -version].
2017-08-16 00:45:24.310 [ApplicationImpl pooled thread 71] DEBUG [nm] Started java.lang.UNIXProcess@16060a97
2017-08-16 00:45:24.334 [Thread-62] DEBUG [ProjectConfigurationComponent$a$1] openjdk version "1.8.0_112-release"
2017-08-16 00:45:24.334 [Thread-62] DEBUG [ProjectConfigurationComponent$a$1] OpenJDK Runtime Environment (build 1.8.0_112-release-b06)
2017-08-16 00:45:24.334 [Thread-62] DEBUG [ProjectConfigurationComponent$a$1] OpenJDK 64-Bit Server VM (build 25.112-b06, mixed mode)
2017-08-16 00:45:24.335 [WaitForProcess-java.lang.UNIXProcess@16060a97] DEBUG [np] java.lang.UNIXProcess@16060a97 stopped with exit code 0
2017-08-16 00:45:24.336 [ApplicationImpl pooled thread 71] DEBUG [ProjectConfigurationComponent] Detected 64-bit JVM.
2017-08-16 00:52:51.123 [AWT-EventQueue-0 2.3#AI-162.4069837 Studio, eap:false, os:Linux 4.4.0-92-lowlatency, java-version:JetBrains s.r.o 1.8.0_112-release-b06] DEBUG [fO] Stopping.
2017-08-16 00:52:51.123 [NanoHttpd Main Listener] DEBUG [NanoHTTPD] Failed to accept socket: java.net.SocketException: Socket closed
2017-08-16 08:55:03.122 [AWT-EventQueue-0] DEBUG [em] 



2017-08-16 08:55:03.123 [AWT-EventQueue-0] DEBUG [em] JRebel for Android IDE plugin started
2017-08-16 08:55:05.353 [AWT-EventQueue-0 2.3#AI-162.4069837 Studio, eap:false, os:Linux 4.4.0-92-lowlatency, java-version:JetBrains s.r.o 1.8.0_112-release-b06] DEBUG [cF] Took a vm lock java.util.concurrent.locks.ReentrantReadWriteLock$WriteLock@3a2eefd9[Locked by thread AWT-EventQueue-0 2.3#AI-162.4069837 Studio, eap:false, os:Linux 4.4.0-92-lowlatency, java-version:JetBrains s.r.o 1.8.0_112-release-b06] for file /home/dayfun/.jrebel-android/distributions/.lock
2017-08-16 08:55:05.353 [AWT-EventQueue-0 2.3#AI-162.4069837 Studio, eap:false, os:Linux 4.4.0-92-lowlatency, java-version:JetBrains s.r.o 1.8.0_112-release-b06] DEBUG [cF] Took file lock sun.nio.ch.FileLockImpl[0:9223372036854775807 exclusive valid]
2017-08-16 08:55:05.353 [AWT-EventQueue-0 2.3#AI-162.4069837 Studio, eap:false, os:Linux 4.4.0-92-lowlatency, java-version:JetBrains s.r.o 1.8.0_112-release-b06] DEBUG [cC] Reading distributions info in /home/dayfun/.jrebel-android/distributions
2017-08-16 08:55:05.360 [AWT-EventQueue-0 2.3#AI-162.4069837 Studio, eap:false, os:Linux 4.4.0-92-lowlatency, java-version:JetBrains s.r.o 1.8.0_112-release-b06] DEBUG [cC] Found 4 distributions
2017-08-16 08:55:05.370 [AWT-EventQueue-0 2.3#AI-162.4069837 Studio, eap:false, os:Linux 4.4.0-92-lowlatency, java-version:JetBrains s.r.o 1.8.0_112-release-b06] DEBUG [cC] Our dist folder should be /home/dayfun/.jrebel-android/distributions/2.3.14_20170811103931
2017-08-16 08:55:05.370 [AWT-EventQueue-0 2.3#AI-162.4069837 Studio, eap:false, os:Linux 4.4.0-92-lowlatency, java-version:JetBrains s.r.o 1.8.0_112-release-b06] DEBUG [cC] Found 0 old and outdated distributions
2017-08-16 08:55:05.370 [AWT-EventQueue-0 2.3#AI-162.4069837 Studio, eap:false, os:Linux 4.4.0-92-lowlatency, java-version:JetBrains s.r.o 1.8.0_112-release-b06] DEBUG [cC] Storing new distributions info
2017-08-16 08:55:05.371 [AWT-EventQueue-0 2.3#AI-162.4069837 Studio, eap:false, os:Linux 4.4.0-92-lowlatency, java-version:JetBrains s.r.o 1.8.0_112-release-b06] DEBUG [cC] Using distribution folder /home/dayfun/.jrebel-android/distributions/2.3.14_20170811103931
2017-08-16 08:55:05.371 [AWT-EventQueue-0 2.3#AI-162.4069837 Studio, eap:false, os:Linux 4.4.0-92-lowlatency, java-version:JetBrains s.r.o 1.8.0_112-release-b06] DEBUG [cF] Releasing lock for file lock sun.nio.ch.FileLockImpl[0:9223372036854775807 exclusive valid]
2017-08-16 08:55:05.371 [AWT-EventQueue-0 2.3#AI-162.4069837 Studio, eap:false, os:Linux 4.4.0-92-lowlatency, java-version:JetBrains s.r.o 1.8.0_112-release-b06] DEBUG [cF] Releasing vm lock java.util.concurrent.locks.ReentrantReadWriteLock$WriteLock@3a2eefd9[Locked by thread AWT-EventQueue-0 2.3#AI-162.4069837 Studio, eap:false, os:Linux 4.4.0-92-lowlatency, java-version:JetBrains s.r.o 1.8.0_112-release-b06] for lock file /home/dayfun/.jrebel-android/distributions/.lock
2017-08-16 08:55:05.378 [AWT-EventQueue-0 2.3#AI-162.4069837 Studio, eap:false, os:Linux 4.4.0-92-lowlatency, java-version:JetBrains s.r.o 1.8.0_112-release-b06] WARN  [gD] Reading license failed: java.io.FileNotFoundException: File '/home/dayfun/.jrebel-android/jrebel-android.lic' does not exist
2017-08-16 08:55:05.381 [AWT-EventQueue-0 2.3#AI-162.4069837 Studio, eap:false, os:Linux 4.4.0-92-lowlatency, java-version:JetBrains s.r.o 1.8.0_112-release-b06] DEBUG [gw] Found license data: {lastName=Thorngren, GeneratedBy=AUTO, Email=joethorngren@gmail.com, Organization=Personal, Product=JRebel for Android, GeneratedOn=Sun Mar 26 07:15:02 MDT 2017, validFrom=Sun Mar 26 07:11:24 MDT 2017, OrderId=de7c9907c1724e356e3adc16524c1f59f9a5bbdd, limitedFrom=Sun Mar 26 07:11:24 MDT 2017, version=1.21, Name=Joe Thorngren, Seats=1, uid=781c62b19de29accfafb0d0d94eb4a57f398b6f2, firstName=Joe, Type=personal, validUntil=Mon Mar 26 07:11:24 MDT 2018, ZeroId=176847, limitedUntil=Mon Mar 26 07:11:24 MDT 2018}
2017-08-16 08:55:05.411 [AWT-EventQueue-0 2.3#AI-162.4069837 Studio, eap:false, os:Linux 4.4.0-92-lowlatency, java-version:JetBrains s.r.o 1.8.0_112-release-b06] DEBUG [go] Read and verified the license.
2017-08-16 08:55:05.411 [AWT-EventQueue-0 2.3#AI-162.4069837 Studio, eap:false, os:Linux 4.4.0-92-lowlatency, java-version:JetBrains s.r.o 1.8.0_112-release-b06] DEBUG [gs] License validation passed.
2017-08-16 08:55:05.411 [AWT-EventQueue-0 2.3#AI-162.4069837 Studio, eap:false, os:Linux 4.4.0-92-lowlatency, java-version:JetBrains s.r.o 1.8.0_112-release-b06] DEBUG [gD] Read license successfully.
2017-08-16 08:55:05.451 [AWT-EventQueue-0 2.3#AI-162.4069837 Studio, eap:false, os:Linux 4.4.0-92-lowlatency, java-version:JetBrains s.r.o 1.8.0_112-release-b06] DEBUG [hP] Total RAM size: 15985.9140625 MB
2017-08-16 08:55:05.452 [AWT-EventQueue-0 2.3#AI-162.4069837 Studio, eap:false, os:Linux 4.4.0-92-lowlatency, java-version:JetBrains s.r.o 1.8.0_112-release-b06] DEBUG [gs] License validation passed.
2017-08-16 08:55:05.477 [AWT-EventQueue-0 2.3#AI-162.4069837 Studio, eap:false, os:Linux 4.4.0-92-lowlatency, java-version:JetBrains s.r.o 1.8.0_112-release-b06] DEBUG [gs] License validation passed.
2017-08-16 08:55:06.873 [ApplicationImpl pooled thread 3] INFO  [HttpServerComponent] HTTP server started on port: 42035
2017-08-16 08:55:06.877 [ApplicationImpl pooled thread 1] DEBUG [nm] Executing [/home/dayfun/Apps/Android-Studio-Stable/jre/bin/java, -version].
2017-08-16 08:55:06.878 [ApplicationImpl pooled thread 1] DEBUG [nm] Started java.lang.UNIXProcess@13ad77f1
2017-08-16 08:55:06.900 [Thread-6] DEBUG [ProjectConfigurationComponent$a$1] openjdk version "1.8.0_112-release"
2017-08-16 08:55:06.900 [Thread-6] DEBUG [ProjectConfigurationComponent$a$1] OpenJDK Runtime Environment (build 1.8.0_112-release-b06)
2017-08-16 08:55:06.900 [Thread-6] DEBUG [ProjectConfigurationComponent$a$1] OpenJDK 64-Bit Server VM (build 25.112-b06, mixed mode)
2017-08-16 08:55:06.902 [WaitForProcess-java.lang.UNIXProcess@13ad77f1] DEBUG [np] java.lang.UNIXProcess@13ad77f1 stopped with exit code 0
2017-08-16 08:55:06.904 [ApplicationImpl pooled thread 1] DEBUG [ProjectConfigurationComponent] Detected 64-bit JVM.
2017-08-16 08:55:07.650 [AWT-EventQueue-0 2.3#AI-162.4069837 Studio, eap:false, os:Linux 4.4.0-92-lowlatency, java-version:JetBrains s.r.o 1.8.0_112-release-b06] DEBUG [OnboardingComponent] Performing initial startup validation check, startupActivationEnabled? false
2017-08-16 08:55:07.651 [AWT-EventQueue-0 2.3#AI-162.4069837 Studio, eap:false, os:Linux 4.4.0-92-lowlatency, java-version:JetBrains s.r.o 1.8.0_112-release-b06] DEBUG [gs] License validation passed.
2017-08-16 08:55:07.651 [AWT-EventQueue-0 2.3#AI-162.4069837 Studio, eap:false, os:Linux 4.4.0-92-lowlatency, java-version:JetBrains s.r.o 1.8.0_112-release-b06] DEBUG [eC] License: com.zeroturnaround.jrebel.android.studio.gC@6460e700
2017-08-16 08:55:07.651 [AWT-EventQueue-0 2.3#AI-162.4069837 Studio, eap:false, os:Linux 4.4.0-92-lowlatency, java-version:JetBrains s.r.o 1.8.0_112-release-b06] DEBUG [eC] Performed background activation check, valid? true
2017-08-16 08:55:07.653 [AWT-EventQueue-0 2.3#AI-162.4069837 Studio, eap:false, os:Linux 4.4.0-92-lowlatency, java-version:JetBrains s.r.o 1.8.0_112-release-b06] DEBUG [OnboardingComponent] User is activated
2017-08-16 08:55:07.653 [AWT-EventQueue-0 2.3#AI-162.4069837 Studio, eap:false, os:Linux 4.4.0-92-lowlatency, java-version:JetBrains s.r.o 1.8.0_112-release-b06] DEBUG [OnboardingComponent] License is valid
2017-08-16 08:55:07.653 [AWT-EventQueue-0 2.3#AI-162.4069837 Studio, eap:false, os:Linux 4.4.0-92-lowlatency, java-version:JetBrains s.r.o 1.8.0_112-release-b06] DEBUG [RegularRunComponent] Last invoked run time was: 2017-07-30T11:05:41.682-06:00.
2017-08-16 08:55:07.654 [ApplicationImpl pooled thread 2] DEBUG [ProjectConfigurationComponent] Trying to launch a Gradle daemon in advance.
2017-08-16 08:55:07.654 [ApplicationImpl pooled thread 2] DEBUG [ProjectConfigurationComponent] Found Gradle wrapper executable with /home/dayfun/Code_Complete/Tack/Cortet_Rx_Spike/gradlew.
2017-08-16 08:55:07.654 [ApplicationImpl pooled thread 2] DEBUG [nm] Executing [/home/dayfun/Code_Complete/Tack/Cortet_Rx_Spike/gradlew, --daemon, -b, /tmp/.gradleDaemonStartup8140258824220590041.gradle, -c, /tmp/.gradleDaemonStartup8140258824220590041.gradle, -u] with environment {JAVA_HOME=/home/dayfun/Apps/Android-Studio-Stable/jre}.
2017-08-16 08:55:07.655 [ApplicationImpl pooled thread 2] DEBUG [nm] Started java.lang.UNIXProcess@7b02458a
2017-08-16 08:55:08.011 [Thread-7] DEBUG [ProjectConfigurationComponent] Starting a Gradle Daemon (subsequent builds will be faster)
2017-08-16 08:55:09.758 [Thread-7] DEBUG [ProjectConfigurationComponent] :help
2017-08-16 08:55:09.759 [Thread-7] DEBUG [ProjectConfigurationComponent] 
2017-08-16 08:55:09.759 [Thread-7] DEBUG [ProjectConfigurationComponent] Welcome to Gradle 4.1-rc-1.
2017-08-16 08:55:09.759 [Thread-7] DEBUG [ProjectConfigurationComponent] 
2017-08-16 08:55:09.759 [Thread-7] DEBUG [ProjectConfigurationComponent] To run a build, run gradlew <task> ...
2017-08-16 08:55:09.759 [Thread-7] DEBUG [ProjectConfigurationComponent] 
2017-08-16 08:55:09.759 [Thread-7] DEBUG [ProjectConfigurationComponent] To see a list of available tasks, run gradlew tasks
2017-08-16 08:55:09.759 [Thread-7] DEBUG [ProjectConfigurationComponent] 
2017-08-16 08:55:09.759 [Thread-7] DEBUG [ProjectConfigurationComponent] To see a list of command-line options, run gradlew --help
2017-08-16 08:55:09.759 [Thread-7] DEBUG [ProjectConfigurationComponent] 
2017-08-16 08:55:09.759 [Thread-7] DEBUG [ProjectConfigurationComponent] To see more detail about a task, run gradlew help --task <task>
2017-08-16 08:55:09.767 [Thread-7] DEBUG [ProjectConfigurationComponent] 
2017-08-16 08:55:09.767 [Thread-7] DEBUG [ProjectConfigurationComponent] BUILD SUCCESSFUL in 2s
2017-08-16 08:55:09.767 [Thread-7] DEBUG [ProjectConfigurationComponent] 1 actionable task: 1 executed
2017-08-16 08:55:10.109 [WaitForProcess-java.lang.UNIXProcess@7b02458a] DEBUG [np] java.lang.UNIXProcess@7b02458a stopped with exit code 0
2017-08-16 08:55:11.083 [ApplicationImpl pooled thread 3] INFO  [HttpServerComponent] HTTP server started on port: 44005
2017-08-16 08:55:11.083 [ApplicationImpl pooled thread 2] DEBUG [nm] Executing [/home/dayfun/Apps/Android-Studio-Stable/jre/bin/java, -version].
2017-08-16 08:55:11.084 [ApplicationImpl pooled thread 2] DEBUG [nm] Started java.lang.UNIXProcess@a659aaa
2017-08-16 08:55:11.116 [Thread-9] DEBUG [ProjectConfigurationComponent$a$1] openjdk version "1.8.0_112-release"
2017-08-16 08:55:11.116 [Thread-9] DEBUG [ProjectConfigurationComponent$a$1] OpenJDK Runtime Environment (build 1.8.0_112-release-b06)
2017-08-16 08:55:11.116 [Thread-9] DEBUG [ProjectConfigurationComponent$a$1] OpenJDK 64-Bit Server VM (build 25.112-b06, mixed mode)
2017-08-16 08:55:11.119 [WaitForProcess-java.lang.UNIXProcess@a659aaa] DEBUG [np] java.lang.UNIXProcess@a659aaa stopped with exit code 0
2017-08-16 08:55:11.119 [ApplicationImpl pooled thread 2] DEBUG [ProjectConfigurationComponent] Detected 64-bit JVM.
2017-08-16 08:55:11.206 [AWT-EventQueue-0 2.3#AI-162.4069837 Studio, eap:false, os:Linux 4.4.0-92-lowlatency, java-version:JetBrains s.r.o 1.8.0_112-release-b06] DEBUG [OnboardingComponent] Performing initial startup validation check, startupActivationEnabled? false
2017-08-16 08:55:11.206 [AWT-EventQueue-0 2.3#AI-162.4069837 Studio, eap:false, os:Linux 4.4.0-92-lowlatency, java-version:JetBrains s.r.o 1.8.0_112-release-b06] DEBUG [gs] License validation passed.
2017-08-16 08:55:11.206 [AWT-EventQueue-0 2.3#AI-162.4069837 Studio, eap:false, os:Linux 4.4.0-92-lowlatency, java-version:JetBrains s.r.o 1.8.0_112-release-b06] DEBUG [eC] License: com.zeroturnaround.jrebel.android.studio.gC@6460e700
2017-08-16 08:55:11.206 [AWT-EventQueue-0 2.3#AI-162.4069837 Studio, eap:false, os:Linux 4.4.0-92-lowlatency, java-version:JetBrains s.r.o 1.8.0_112-release-b06] DEBUG [eC] Performed background activation check, valid? true
2017-08-16 08:55:11.206 [AWT-EventQueue-0 2.3#AI-162.4069837 Studio, eap:false, os:Linux 4.4.0-92-lowlatency, java-version:JetBrains s.r.o 1.8.0_112-release-b06] DEBUG [OnboardingComponent] User is activated
2017-08-16 08:55:11.206 [AWT-EventQueue-0 2.3#AI-162.4069837 Studio, eap:false, os:Linux 4.4.0-92-lowlatency, java-version:JetBrains s.r.o 1.8.0_112-release-b06] DEBUG [OnboardingComponent] License is valid
2017-08-16 08:55:11.206 [AWT-EventQueue-0 2.3#AI-162.4069837 Studio, eap:false, os:Linux 4.4.0-92-lowlatency, java-version:JetBrains s.r.o 1.8.0_112-release-b06] DEBUG [RegularRunComponent] Last invoked run time was: 2017-07-30T11:05:41.682-06:00.
2017-08-16 08:55:11.207 [ApplicationImpl pooled thread 2] DEBUG [ProjectConfigurationComponent] Trying to launch a Gradle daemon in advance.
2017-08-16 08:55:11.207 [ApplicationImpl pooled thread 2] DEBUG [ProjectConfigurationComponent] Found Gradle wrapper executable with /home/dayfun/Code_Complete/Android/Samples/RxJava-Android-Samples/gradlew.
2017-08-16 08:55:11.207 [ApplicationImpl pooled thread 2] DEBUG [nm] Executing [/home/dayfun/Code_Complete/Android/Samples/RxJava-Android-Samples/gradlew, --daemon, -b, /tmp/.gradleDaemonStartup5109471992801871867.gradle, -c, /tmp/.gradleDaemonStartup5109471992801871867.gradle, -u] with environment {JAVA_HOME=/home/dayfun/Apps/Android-Studio-Stable/jre}.
2017-08-16 08:55:11.208 [ApplicationImpl pooled thread 2] DEBUG [nm] Started java.lang.UNIXProcess@303b5155
2017-08-16 08:55:11.932 [Thread-10] DEBUG [ProjectConfigurationComponent] Starting a Gradle Daemon (subsequent builds will be faster)
2017-08-16 08:55:12.159 [ApplicationImpl pooled thread 8] DEBUG [nm] Executing [/home/dayfun/Apps/Android-Studio-Stable/jre/bin/java, -version].
2017-08-16 08:55:12.163 [ApplicationImpl pooled thread 8] DEBUG [nm] Started java.lang.UNIXProcess@309def63
2017-08-16 08:55:12.192 [Thread-11] DEBUG [ProjectConfigurationComponent$a$1] openjdk version "1.8.0_112-release"
2017-08-16 08:55:12.192 [Thread-11] DEBUG [ProjectConfigurationComponent$a$1] OpenJDK Runtime Environment (build 1.8.0_112-release-b06)
2017-08-16 08:55:12.192 [Thread-11] DEBUG [ProjectConfigurationComponent$a$1] OpenJDK 64-Bit Server VM (build 25.112-b06, mixed mode)
2017-08-16 08:55:12.194 [WaitForProcess-java.lang.UNIXProcess@309def63] DEBUG [np] java.lang.UNIXProcess@309def63 stopped with exit code 0
2017-08-16 08:55:12.195 [ApplicationImpl pooled thread 8] DEBUG [ProjectConfigurationComponent] Detected 64-bit JVM.
2017-08-16 08:55:13.669 [Thread-10] DEBUG [ProjectConfigurationComponent] :help
2017-08-16 08:55:13.670 [Thread-10] DEBUG [ProjectConfigurationComponent] 
2017-08-16 08:55:13.670 [Thread-10] DEBUG [ProjectConfigurationComponent] Welcome to Gradle 4.0.
2017-08-16 08:55:13.670 [Thread-10] DEBUG [ProjectConfigurationComponent] 
2017-08-16 08:55:13.680 [Thread-10] DEBUG [ProjectConfigurationComponent] To run a build, run gradlew <task> ...
2017-08-16 08:55:13.681 [Thread-10] DEBUG [ProjectConfigurationComponent] 
2017-08-16 08:55:13.681 [Thread-10] DEBUG [ProjectConfigurationComponent] To see a list of available tasks, run gradlew tasks
2017-08-16 08:55:13.681 [Thread-10] DEBUG [ProjectConfigurationComponent] 
2017-08-16 08:55:13.681 [Thread-10] DEBUG [ProjectConfigurationComponent] To see a list of command-line options, run gradlew --help
2017-08-16 08:55:13.681 [Thread-10] DEBUG [ProjectConfigurationComponent] 
2017-08-16 08:55:13.682 [Thread-10] DEBUG [ProjectConfigurationComponent] To see more detail about a task, run gradlew help --task <task>
2017-08-16 08:55:13.682 [Thread-10] DEBUG [ProjectConfigurationComponent] 
2017-08-16 08:55:13.682 [Thread-10] DEBUG [ProjectConfigurationComponent] BUILD SUCCESSFUL in 2s
2017-08-16 08:55:13.682 [Thread-10] DEBUG [ProjectConfigurationComponent] 1 actionable task: 1 executed
2017-08-16 08:55:14.003 [WaitForProcess-java.lang.UNIXProcess@303b5155] DEBUG [np] java.lang.UNIXProcess@303b5155 stopped with exit code 0
2017-08-16 08:55:14.748 [ApplicationImpl pooled thread 5] DEBUG [nm] Executing [/home/dayfun/Apps/Android-Studio-Stable/jre/bin/java, -version].
2017-08-16 08:55:14.752 [ApplicationImpl pooled thread 5] DEBUG [nm] Started java.lang.UNIXProcess@3c91a62c
2017-08-16 08:55:14.783 [Thread-12] DEBUG [ProjectConfigurationComponent$a$1] openjdk version "1.8.0_112-release"
2017-08-16 08:55:14.783 [Thread-12] DEBUG [ProjectConfigurationComponent$a$1] OpenJDK Runtime Environment (build 1.8.0_112-release-b06)
2017-08-16 08:55:14.783 [Thread-12] DEBUG [ProjectConfigurationComponent$a$1] OpenJDK 64-Bit Server VM (build 25.112-b06, mixed mode)
2017-08-16 08:55:14.785 [WaitForProcess-java.lang.UNIXProcess@3c91a62c] DEBUG [np] java.lang.UNIXProcess@3c91a62c stopped with exit code 0
2017-08-16 08:55:14.786 [ApplicationImpl pooled thread 5] DEBUG [ProjectConfigurationComponent] Detected 64-bit JVM.
2017-08-16 08:55:33.887 [AWT-EventQueue-0 2.3#AI-162.4069837 Studio, eap:false, os:Linux 4.4.0-92-lowlatency, java-version:JetBrains s.r.o 1.8.0_112-release-b06] DEBUG [fO] Stopping.
2017-08-16 08:55:33.887 [NanoHttpd Main Listener] DEBUG [NanoHTTPD] Failed to accept socket: java.net.SocketException: Socket closed
2017-08-16 08:55:44.897 [AWT-EventQueue-0 2.3#AI-162.4069837 Studio, eap:false, os:Linux 4.4.0-92-lowlatency, java-version:JetBrains s.r.o 1.8.0_112-release-b06] DEBUG [fO] Stopping.
2017-08-16 08:55:44.897 [NanoHttpd Main Listener] DEBUG [NanoHTTPD] Failed to accept socket: java.net.SocketException: Socket closed
2017-08-16 08:55:45.061 [ApplicationImpl pooled thread 8] INFO  [HttpServerComponent] HTTP server started on port: 38449
2017-08-16 08:55:45.061 [ApplicationImpl pooled thread 9] DEBUG [ProjectConfigurationComponent] Project JDK is not set in project configuration.
2017-08-16 08:55:45.119 [AWT-EventQueue-0 2.3#AI-162.4069837 Studio, eap:false, os:Linux 4.4.0-92-lowlatency, java-version:JetBrains s.r.o 1.8.0_112-release-b06] DEBUG [OnboardingComponent] Performing initial startup validation check, startupActivationEnabled? false
2017-08-16 08:55:45.119 [AWT-EventQueue-0 2.3#AI-162.4069837 Studio, eap:false, os:Linux 4.4.0-92-lowlatency, java-version:JetBrains s.r.o 1.8.0_112-release-b06] DEBUG [gs] License validation passed.
2017-08-16 08:55:45.119 [AWT-EventQueue-0 2.3#AI-162.4069837 Studio, eap:false, os:Linux 4.4.0-92-lowlatency, java-version:JetBrains s.r.o 1.8.0_112-release-b06] DEBUG [eC] License: com.zeroturnaround.jrebel.android.studio.gC@6460e700
2017-08-16 08:55:45.119 [AWT-EventQueue-0 2.3#AI-162.4069837 Studio, eap:false, os:Linux 4.4.0-92-lowlatency, java-version:JetBrains s.r.o 1.8.0_112-release-b06] DEBUG [eC] Performed background activation check, valid? true
2017-08-16 08:55:45.119 [AWT-EventQueue-0 2.3#AI-162.4069837 Studio, eap:false, os:Linux 4.4.0-92-lowlatency, java-version:JetBrains s.r.o 1.8.0_112-release-b06] DEBUG [OnboardingComponent] User is activated
2017-08-16 08:55:45.119 [AWT-EventQueue-0 2.3#AI-162.4069837 Studio, eap:false, os:Linux 4.4.0-92-lowlatency, java-version:JetBrains s.r.o 1.8.0_112-release-b06] DEBUG [OnboardingComponent] License is valid
2017-08-16 08:55:45.119 [AWT-EventQueue-0 2.3#AI-162.4069837 Studio, eap:false, os:Linux 4.4.0-92-lowlatency, java-version:JetBrains s.r.o 1.8.0_112-release-b06] DEBUG [RegularRunComponent] Last invoked run time was: 2017-07-30T11:05:41.682-06:00.
2017-08-16 08:55:45.120 [ApplicationImpl pooled thread 3] DEBUG [ProjectConfigurationComponent] Trying to launch a Gradle daemon in advance.
2017-08-16 08:55:45.120 [ApplicationImpl pooled thread 3] DEBUG [ProjectConfigurationComponent] Found Gradle wrapper executable with /home/dayfun/Code_Complete/Tack/Cortet_Commercial_Android/gradlew.
2017-08-16 08:55:45.120 [ApplicationImpl pooled thread 3] DEBUG [ProjectConfigurationComponent] Unable to fetch project SDK. Cannot start the Gradle daemon in advance.
2017-08-16 08:55:59.074 [AWT-EventQueue-0 2.3#AI-162.4069837 Studio, eap:false, os:Linux 4.4.0-92-lowlatency, java-version:JetBrains s.r.o 1.8.0_112-release-b06] DEBUG [fO] Stopping.
2017-08-16 08:55:59.074 [NanoHttpd Main Listener] DEBUG [NanoHTTPD] Failed to accept socket: java.net.SocketException: Socket closed
2017-08-16 08:56:08.233 [AWT-EventQueue-0 2.3#AI-162.4069837 Studio, eap:false, os:Linux 4.4.0-92-lowlatency, java-version:JetBrains s.r.o 1.8.0_112-release-b06] INFO  [HttpServerComponent] HTTP server started on port: 33897
2017-08-16 08:56:08.233 [ApplicationImpl pooled thread 3] DEBUG [ProjectConfigurationComponent] Project JDK is not set in project configuration.
2017-08-16 08:56:08.510 [AWT-EventQueue-0 2.3#AI-162.4069837 Studio, eap:false, os:Linux 4.4.0-92-lowlatency, java-version:JetBrains s.r.o 1.8.0_112-release-b06] DEBUG [OnboardingComponent] Performing initial startup validation check, startupActivationEnabled? false
2017-08-16 08:56:08.510 [AWT-EventQueue-0 2.3#AI-162.4069837 Studio, eap:false, os:Linux 4.4.0-92-lowlatency, java-version:JetBrains s.r.o 1.8.0_112-release-b06] DEBUG [gs] License validation passed.
2017-08-16 08:56:08.510 [AWT-EventQueue-0 2.3#AI-162.4069837 Studio, eap:false, os:Linux 4.4.0-92-lowlatency, java-version:JetBrains s.r.o 1.8.0_112-release-b06] DEBUG [eC] License: com.zeroturnaround.jrebel.android.studio.gC@6460e700
2017-08-16 08:56:08.510 [AWT-EventQueue-0 2.3#AI-162.4069837 Studio, eap:false, os:Linux 4.4.0-92-lowlatency, java-version:JetBrains s.r.o 1.8.0_112-release-b06] DEBUG [eC] Performed background activation check, valid? true
2017-08-16 08:56:08.511 [AWT-EventQueue-0 2.3#AI-162.4069837 Studio, eap:false, os:Linux 4.4.0-92-lowlatency, java-version:JetBrains s.r.o 1.8.0_112-release-b06] DEBUG [OnboardingComponent] User is activated
2017-08-16 08:56:08.511 [AWT-EventQueue-0 2.3#AI-162.4069837 Studio, eap:false, os:Linux 4.4.0-92-lowlatency, java-version:JetBrains s.r.o 1.8.0_112-release-b06] DEBUG [OnboardingComponent] License is valid
2017-08-16 08:56:08.511 [AWT-EventQueue-0 2.3#AI-162.4069837 Studio, eap:false, os:Linux 4.4.0-92-lowlatency, java-version:JetBrains s.r.o 1.8.0_112-release-b06] DEBUG [RegularRunComponent] Last invoked run time was: 2017-07-30T11:05:41.682-06:00.
2017-08-16 08:56:08.511 [ApplicationImpl pooled thread 9] DEBUG [ProjectConfigurationComponent] Trying to launch a Gradle daemon in advance.
2017-08-16 08:56:08.511 [ApplicationImpl pooled thread 9] DEBUG [ProjectConfigurationComponent] Found Gradle wrapper executable with /home/dayfun/Code_Complete/Tack/Cortet_Commercial_Android/gradlew.
2017-08-16 08:56:08.511 [ApplicationImpl pooled thread 9] DEBUG [ProjectConfigurationComponent] Unable to fetch project SDK. Cannot start the Gradle daemon in advance.
2017-08-16 08:56:37.893 [ApplicationImpl pooled thread 2] DEBUG [nm] Executing [/home/dayfun/Apps/Android-Studio-Stable/jre/bin/java, -version].
2017-08-16 08:56:37.894 [ApplicationImpl pooled thread 2] DEBUG [nm] Started java.lang.UNIXProcess@22ecb570
2017-08-16 08:56:37.927 [Thread-32] DEBUG [ProjectConfigurationComponent$a$1] openjdk version "1.8.0_112-release"
2017-08-16 08:56:37.927 [Thread-32] DEBUG [ProjectConfigurationComponent$a$1] OpenJDK Runtime Environment (build 1.8.0_112-release-b06)
2017-08-16 08:56:37.927 [Thread-32] DEBUG [ProjectConfigurationComponent$a$1] OpenJDK 64-Bit Server VM (build 25.112-b06, mixed mode)
2017-08-16 08:56:37.928 [WaitForProcess-java.lang.UNIXProcess@22ecb570] DEBUG [np] java.lang.UNIXProcess@22ecb570 stopped with exit code 0
2017-08-16 08:56:37.929 [ApplicationImpl pooled thread 2] DEBUG [ProjectConfigurationComponent] Detected 64-bit JVM.
2017-08-16 08:56:38.003 [ApplicationImpl pooled thread 1] DEBUG [nm] Executing [/home/dayfun/Apps/Android-Studio-Stable/jre/bin/java, -version].
2017-08-16 08:56:38.004 [ApplicationImpl pooled thread 1] DEBUG [nm] Started java.lang.UNIXProcess@5611c6a3
2017-08-16 08:56:38.041 [Thread-33] DEBUG [ProjectConfigurationComponent$a$1] openjdk version "1.8.0_112-release"
2017-08-16 08:56:38.041 [Thread-33] DEBUG [ProjectConfigurationComponent$a$1] OpenJDK Runtime Environment (build 1.8.0_112-release-b06)
2017-08-16 08:56:38.041 [Thread-33] DEBUG [ProjectConfigurationComponent$a$1] OpenJDK 64-Bit Server VM (build 25.112-b06, mixed mode)
2017-08-16 08:56:38.043 [WaitForProcess-java.lang.UNIXProcess@5611c6a3] DEBUG [np] java.lang.UNIXProcess@5611c6a3 stopped with exit code 0
2017-08-16 08:56:38.043 [ApplicationImpl pooled thread 1] DEBUG [ProjectConfigurationComponent] Detected 64-bit JVM.
2017-08-16 08:58:40.504 [ApplicationImpl pooled thread 19] DEBUG [nm] Executing [/home/dayfun/Apps/Android-Studio-Stable/jre/bin/java, -version].
2017-08-16 08:58:40.505 [ApplicationImpl pooled thread 19] DEBUG [nm] Started java.lang.UNIXProcess@71ba343a
2017-08-16 08:58:40.540 [Thread-40] DEBUG [ProjectConfigurationComponent$a$1] openjdk version "1.8.0_112-release"
2017-08-16 08:58:40.540 [Thread-40] DEBUG [ProjectConfigurationComponent$a$1] OpenJDK Runtime Environment (build 1.8.0_112-release-b06)
2017-08-16 08:58:40.540 [Thread-40] DEBUG [ProjectConfigurationComponent$a$1] OpenJDK 64-Bit Server VM (build 25.112-b06, mixed mode)
2017-08-16 08:58:40.543 [WaitForProcess-java.lang.UNIXProcess@71ba343a] DEBUG [np] java.lang.UNIXProcess@71ba343a stopped with exit code 0
2017-08-16 08:58:40.543 [ApplicationImpl pooled thread 19] DEBUG [ProjectConfigurationComponent] Detected 64-bit JVM.
2017-08-16 08:58:40.591 [ApplicationImpl pooled thread 22] DEBUG [nm] Executing [/home/dayfun/Apps/Android-Studio-Stable/jre/bin/java, -version].
2017-08-16 08:58:40.592 [ApplicationImpl pooled thread 22] DEBUG [nm] Started java.lang.UNIXProcess@7d67c3f8
2017-08-16 08:58:40.630 [Thread-41] DEBUG [ProjectConfigurationComponent$a$1] openjdk version "1.8.0_112-release"
2017-08-16 08:58:40.630 [Thread-41] DEBUG [ProjectConfigurationComponent$a$1] OpenJDK Runtime Environment (build 1.8.0_112-release-b06)
2017-08-16 08:58:40.630 [Thread-41] DEBUG [ProjectConfigurationComponent$a$1] OpenJDK 64-Bit Server VM (build 25.112-b06, mixed mode)
2017-08-16 08:58:40.650 [WaitForProcess-java.lang.UNIXProcess@7d67c3f8] DEBUG [np] java.lang.UNIXProcess@7d67c3f8 stopped with exit code 0
2017-08-16 08:58:40.651 [ApplicationImpl pooled thread 22] DEBUG [ProjectConfigurationComponent] Detected 64-bit JVM.
2017-08-16 10:03:28.082 [ApplicationImpl pooled thread 39] DEBUG [nm] Executing [/home/dayfun/Apps/Android-Studio-Stable/jre/bin/java, -version].
2017-08-16 10:03:28.083 [ApplicationImpl pooled thread 39] DEBUG [nm] Started java.lang.UNIXProcess@533f9a60
2017-08-16 10:03:28.146 [Thread-48] DEBUG [ProjectConfigurationComponent$a$1] openjdk version "1.8.0_112-release"
2017-08-16 10:03:28.146 [Thread-48] DEBUG [ProjectConfigurationComponent$a$1] OpenJDK Runtime Environment (build 1.8.0_112-release-b06)
2017-08-16 10:03:28.146 [Thread-48] DEBUG [ProjectConfigurationComponent$a$1] OpenJDK 64-Bit Server VM (build 25.112-b06, mixed mode)
2017-08-16 10:03:28.167 [WaitForProcess-java.lang.UNIXProcess@533f9a60] DEBUG [np] java.lang.UNIXProcess@533f9a60 stopped with exit code 0
2017-08-16 10:03:28.167 [ApplicationImpl pooled thread 39] DEBUG [ProjectConfigurationComponent] Detected 64-bit JVM.
2017-08-16 10:03:28.172 [ApplicationImpl pooled thread 40] DEBUG [nm] Executing [/home/dayfun/Apps/Android-Studio-Stable/jre/bin/java, -version].
2017-08-16 10:03:28.177 [ApplicationImpl pooled thread 40] DEBUG [nm] Started java.lang.UNIXProcess@6ab97409
2017-08-16 10:03:28.235 [Thread-49] DEBUG [ProjectConfigurationComponent$a$1] openjdk version "1.8.0_112-release"
2017-08-16 10:03:28.235 [Thread-49] DEBUG [ProjectConfigurationComponent$a$1] OpenJDK Runtime Environment (build 1.8.0_112-release-b06)
2017-08-16 10:03:28.235 [Thread-49] DEBUG [ProjectConfigurationComponent$a$1] OpenJDK 64-Bit Server VM (build 25.112-b06, mixed mode)
2017-08-16 10:03:28.236 [WaitForProcess-java.lang.UNIXProcess@6ab97409] DEBUG [np] java.lang.UNIXProcess@6ab97409 stopped with exit code 0
2017-08-16 10:03:28.237 [ApplicationImpl pooled thread 40] DEBUG [ProjectConfigurationComponent] Detected 64-bit JVM.
2017-08-16 10:13:05.021 [ApplicationImpl pooled thread 49] DEBUG [nm] Executing [/home/dayfun/Apps/Android-Studio-Stable/jre/bin/java, -version].
2017-08-16 10:13:05.039 [ApplicationImpl pooled thread 49] DEBUG [nm] Started java.lang.UNIXProcess@465a3b51
2017-08-16 10:13:05.101 [ApplicationImpl pooled thread 57] DEBUG [nm] Executing [/home/dayfun/Apps/Android-Studio-Stable/jre/bin/java, -version].
2017-08-16 10:13:05.115 [ApplicationImpl pooled thread 57] DEBUG [nm] Started java.lang.UNIXProcess@45e3b1aa
2017-08-16 10:13:05.148 [Thread-56] DEBUG [ProjectConfigurationComponent$a$1] openjdk version "1.8.0_112-release"
2017-08-16 10:13:05.149 [Thread-56] DEBUG [ProjectConfigurationComponent$a$1] OpenJDK Runtime Environment (build 1.8.0_112-release-b06)
2017-08-16 10:13:05.149 [Thread-56] DEBUG [ProjectConfigurationComponent$a$1] OpenJDK 64-Bit Server VM (build 25.112-b06, mixed mode)
2017-08-16 10:13:05.150 [WaitForProcess-java.lang.UNIXProcess@465a3b51] DEBUG [np] java.lang.UNIXProcess@465a3b51 stopped with exit code 0
2017-08-16 10:13:05.153 [ApplicationImpl pooled thread 49] DEBUG [ProjectConfigurationComponent] Detected 64-bit JVM.
2017-08-16 10:13:05.155 [Thread-57] DEBUG [ProjectConfigurationComponent$a$1] openjdk version "1.8.0_112-release"
2017-08-16 10:13:05.155 [Thread-57] DEBUG [ProjectConfigurationComponent$a$1] OpenJDK Runtime Environment (build 1.8.0_112-release-b06)
2017-08-16 10:13:05.155 [Thread-57] DEBUG [ProjectConfigurationComponent$a$1] OpenJDK 64-Bit Server VM (build 25.112-b06, mixed mode)
2017-08-16 10:13:05.158 [WaitForProcess-java.lang.UNIXProcess@45e3b1aa] DEBUG [np] java.lang.UNIXProcess@45e3b1aa stopped with exit code 0
2017-08-16 10:13:05.159 [ApplicationImpl pooled thread 57] DEBUG [ProjectConfigurationComponent] Detected 64-bit JVM.
2017-08-16 10:37:50.012 [ApplicationImpl pooled thread 65] DEBUG [nm] Executing [/home/dayfun/Apps/Android-Studio-Stable/jre/bin/java, -version].
2017-08-16 10:37:50.012 [ApplicationImpl pooled thread 65] DEBUG [nm] Started java.lang.UNIXProcess@494428ce
2017-08-16 10:37:50.035 [Thread-64] DEBUG [ProjectConfigurationComponent$a$1] openjdk version "1.8.0_112-release"
2017-08-16 10:37:50.035 [Thread-64] DEBUG [ProjectConfigurationComponent$a$1] OpenJDK Runtime Environment (build 1.8.0_112-release-b06)
2017-08-16 10:37:50.035 [Thread-64] DEBUG [ProjectConfigurationComponent$a$1] OpenJDK 64-Bit Server VM (build 25.112-b06, mixed mode)
2017-08-16 10:37:50.040 [WaitForProcess-java.lang.UNIXProcess@494428ce] DEBUG [np] java.lang.UNIXProcess@494428ce stopped with exit code 0
2017-08-16 10:37:50.040 [ApplicationImpl pooled thread 65] DEBUG [ProjectConfigurationComponent] Detected 64-bit JVM.
2017-08-16 10:37:50.091 [ApplicationImpl pooled thread 69] DEBUG [nm] Executing [/home/dayfun/Apps/Android-Studio-Stable/jre/bin/java, -version].
2017-08-16 10:37:50.091 [ApplicationImpl pooled thread 69] DEBUG [nm] Started java.lang.UNIXProcess@747368c0
2017-08-16 10:37:50.117 [Thread-65] DEBUG [ProjectConfigurationComponent$a$1] openjdk version "1.8.0_112-release"
2017-08-16 10:37:50.117 [Thread-65] DEBUG [ProjectConfigurationComponent$a$1] OpenJDK Runtime Environment (build 1.8.0_112-release-b06)
2017-08-16 10:37:50.117 [Thread-65] DEBUG [ProjectConfigurationComponent$a$1] OpenJDK 64-Bit Server VM (build 25.112-b06, mixed mode)
2017-08-16 10:37:50.119 [WaitForProcess-java.lang.UNIXProcess@747368c0] DEBUG [np] java.lang.UNIXProcess@747368c0 stopped with exit code 0
2017-08-16 10:37:50.120 [ApplicationImpl pooled thread 69] DEBUG [ProjectConfigurationComponent] Detected 64-bit JVM.
2017-08-16 10:44:50.541 [ApplicationImpl pooled thread 76] DEBUG [nm] Executing [/home/dayfun/Apps/Android-Studio-Stable/jre/bin/java, -version].
2017-08-16 10:44:50.542 [ApplicationImpl pooled thread 76] DEBUG [nm] Started java.lang.UNIXProcess@2bf410a3
2017-08-16 10:44:50.565 [Thread-72] DEBUG [ProjectConfigurationComponent$a$1] openjdk version "1.8.0_112-release"
2017-08-16 10:44:50.565 [Thread-72] DEBUG [ProjectConfigurationComponent$a$1] OpenJDK Runtime Environment (build 1.8.0_112-release-b06)
2017-08-16 10:44:50.565 [Thread-72] DEBUG [ProjectConfigurationComponent$a$1] OpenJDK 64-Bit Server VM (build 25.112-b06, mixed mode)
2017-08-16 10:44:50.567 [WaitForProcess-java.lang.UNIXProcess@2bf410a3] DEBUG [np] java.lang.UNIXProcess@2bf410a3 stopped with exit code 0
2017-08-16 10:44:50.567 [ApplicationImpl pooled thread 76] DEBUG [ProjectConfigurationComponent] Detected 64-bit JVM.
2017-08-16 10:44:50.603 [ApplicationImpl pooled thread 76] DEBUG [nm] Executing [/home/dayfun/Apps/Android-Studio-Stable/jre/bin/java, -version].
2017-08-16 10:44:50.604 [ApplicationImpl pooled thread 76] DEBUG [nm] Started java.lang.UNIXProcess@183bdcbb
2017-08-16 10:44:50.633 [Thread-73] DEBUG [ProjectConfigurationComponent$a$1] openjdk version "1.8.0_112-release"
2017-08-16 10:44:50.633 [Thread-73] DEBUG [ProjectConfigurationComponent$a$1] OpenJDK Runtime Environment (build 1.8.0_112-release-b06)
2017-08-16 10:44:50.633 [Thread-73] DEBUG [ProjectConfigurationComponent$a$1] OpenJDK 64-Bit Server VM (build 25.112-b06, mixed mode)
2017-08-16 10:44:50.635 [WaitForProcess-java.lang.UNIXProcess@183bdcbb] DEBUG [np] java.lang.UNIXProcess@183bdcbb stopped with exit code 0
2017-08-16 10:44:50.635 [ApplicationImpl pooled thread 76] DEBUG [ProjectConfigurationComponent] Detected 64-bit JVM.
2017-08-16 11:35:22.635 [ApplicationImpl pooled thread 116] DEBUG [nm] Executing [/home/dayfun/Apps/Android-Studio-Stable/jre/bin/java, -version].
2017-08-16 11:35:22.636 [ApplicationImpl pooled thread 116] DEBUG [nm] Started java.lang.UNIXProcess@5aefa86b
2017-08-16 11:35:22.664 [Thread-94] DEBUG [ProjectConfigurationComponent$a$1] openjdk version "1.8.0_112-release"
2017-08-16 11:35:22.664 [Thread-94] DEBUG [ProjectConfigurationComponent$a$1] OpenJDK Runtime Environment (build 1.8.0_112-release-b06)
2017-08-16 11:35:22.664 [Thread-94] DEBUG [ProjectConfigurationComponent$a$1] OpenJDK 64-Bit Server VM (build 25.112-b06, mixed mode)
2017-08-16 11:35:22.667 [WaitForProcess-java.lang.UNIXProcess@5aefa86b] DEBUG [np] java.lang.UNIXProcess@5aefa86b stopped with exit code 0
2017-08-16 11:35:22.672 [ApplicationImpl pooled thread 116] DEBUG [ProjectConfigurationComponent] Detected 64-bit JVM.
2017-08-16 11:35:22.866 [ApplicationImpl pooled thread 126] DEBUG [nm] Executing [/home/dayfun/Apps/Android-Studio-Stable/jre/bin/java, -version].
2017-08-16 11:35:22.866 [ApplicationImpl pooled thread 126] DEBUG [nm] Started java.lang.UNIXProcess@3914a7a3
2017-08-16 11:35:22.901 [Thread-95] DEBUG [ProjectConfigurationComponent$a$1] openjdk version "1.8.0_112-release"
2017-08-16 11:35:22.901 [Thread-95] DEBUG [ProjectConfigurationComponent$a$1] OpenJDK Runtime Environment (build 1.8.0_112-release-b06)
2017-08-16 11:35:22.901 [Thread-95] DEBUG [ProjectConfigurationComponent$a$1] OpenJDK 64-Bit Server VM (build 25.112-b06, mixed mode)
2017-08-16 11:35:22.906 [WaitForProcess-java.lang.UNIXProcess@3914a7a3] DEBUG [np] java.lang.UNIXProcess@3914a7a3 stopped with exit code 0
2017-08-16 11:35:22.906 [ApplicationImpl pooled thread 126] DEBUG [ProjectConfigurationComponent] Detected 64-bit JVM.
2017-08-16 11:39:34.472 [ApplicationImpl pooled thread 143] DEBUG [nm] Executing [/home/dayfun/Apps/Android-Studio-Stable/jre/bin/java, -version].
2017-08-16 11:39:34.473 [ApplicationImpl pooled thread 143] DEBUG [nm] Started java.lang.UNIXProcess@612945cd
2017-08-16 11:39:34.515 [WaitForProcess-java.lang.UNIXProcess@612945cd] DEBUG [np] java.lang.UNIXProcess@612945cd stopped with exit code 0
2017-08-16 11:39:34.515 [Thread-105] DEBUG [ProjectConfigurationComponent$a$1] openjdk version "1.8.0_112-release"
2017-08-16 11:39:34.515 [Thread-105] DEBUG [ProjectConfigurationComponent$a$1] OpenJDK Runtime Environment (build 1.8.0_112-release-b06)
2017-08-16 11:39:34.515 [Thread-105] DEBUG [ProjectConfigurationComponent$a$1] OpenJDK 64-Bit Server VM (build 25.112-b06, mixed mode)
2017-08-16 11:39:34.516 [ApplicationImpl pooled thread 143] DEBUG [ProjectConfigurationComponent] Detected 64-bit JVM.
2017-08-16 12:13:40.563 [ApplicationImpl pooled thread 158] DEBUG [nm] Executing [/home/dayfun/Apps/Android-Studio-Stable/jre/bin/java, -version].
2017-08-16 12:13:40.564 [ApplicationImpl pooled thread 158] DEBUG [nm] Started java.lang.UNIXProcess@79db956f
2017-08-16 12:13:40.589 [Thread-112] DEBUG [ProjectConfigurationComponent$a$1] openjdk version "1.8.0_112-release"
2017-08-16 12:13:40.589 [Thread-112] DEBUG [ProjectConfigurationComponent$a$1] OpenJDK Runtime Environment (build 1.8.0_112-release-b06)
2017-08-16 12:13:40.589 [Thread-112] DEBUG [ProjectConfigurationComponent$a$1] OpenJDK 64-Bit Server VM (build 25.112-b06, mixed mode)
2017-08-16 12:13:40.592 [WaitForProcess-java.lang.UNIXProcess@79db956f] DEBUG [np] java.lang.UNIXProcess@79db956f stopped with exit code 0
2017-08-16 12:13:40.592 [ApplicationImpl pooled thread 158] DEBUG [ProjectConfigurationComponent] Detected 64-bit JVM.
2017-08-16 12:13:40.622 [ApplicationImpl pooled thread 160] DEBUG [nm] Executing [/home/dayfun/Apps/Android-Studio-Stable/jre/bin/java, -version].
2017-08-16 12:13:40.623 [ApplicationImpl pooled thread 160] DEBUG [nm] Started java.lang.UNIXProcess@48da3a4f
2017-08-16 12:13:40.656 [Thread-113] DEBUG [ProjectConfigurationComponent$a$1] openjdk version "1.8.0_112-release"
2017-08-16 12:13:40.657 [Thread-113] DEBUG [ProjectConfigurationComponent$a$1] OpenJDK Runtime Environment (build 1.8.0_112-release-b06)
2017-08-16 12:13:40.657 [WaitForProcess-java.lang.UNIXProcess@48da3a4f] DEBUG [np] java.lang.UNIXProcess@48da3a4f stopped with exit code 0
2017-08-16 12:13:40.657 [Thread-113] DEBUG [ProjectConfigurationComponent$a$1] OpenJDK 64-Bit Server VM (build 25.112-b06, mixed mode)
2017-08-16 12:13:40.657 [ApplicationImpl pooled thread 160] DEBUG [ProjectConfigurationComponent] Detected 64-bit JVM.
2017-08-16 13:44:58.514 [AWT-EventQueue-0 2.3#AI-162.4069837 Studio, eap:false, os:Linux 4.4.0-92-lowlatency, java-version:JetBrains s.r.o 1.8.0_112-release-b06] DEBUG [fO] Stopping.
2017-08-16 13:44:58.514 [NanoHttpd Main Listener] DEBUG [NanoHTTPD] Failed to accept socket: java.net.SocketException: Socket closed
2017-08-16 13:45:03.136 [AWT-EventQueue-0] DEBUG [em] 



2017-08-16 13:45:03.137 [AWT-EventQueue-0] DEBUG [em] JRebel for Android IDE plugin started
2017-08-16 13:45:05.743 [AWT-EventQueue-0 3.0#AI-171.4263559 Studio, eap:true, os:Linux 4.4.0-92-lowlatency, java-version:JetBrains s.r.o 1.8.0_152-release-915-b01] DEBUG [cF] Took a vm lock java.util.concurrent.locks.ReentrantReadWriteLock$WriteLock@47ed3a33[Locked by thread AWT-EventQueue-0 3.0#AI-171.4263559 Studio, eap:true, os:Linux 4.4.0-92-lowlatency, java-version:JetBrains s.r.o 1.8.0_152-release-915-b01] for file /home/dayfun/.jrebel-android/distributions/.lock
2017-08-16 13:45:05.744 [AWT-EventQueue-0 3.0#AI-171.4263559 Studio, eap:true, os:Linux 4.4.0-92-lowlatency, java-version:JetBrains s.r.o 1.8.0_152-release-915-b01] DEBUG [cF] Took file lock sun.nio.ch.FileLockImpl[0:9223372036854775807 exclusive valid]
2017-08-16 13:45:05.744 [AWT-EventQueue-0 3.0#AI-171.4263559 Studio, eap:true, os:Linux 4.4.0-92-lowlatency, java-version:JetBrains s.r.o 1.8.0_152-release-915-b01] DEBUG [cC] Reading distributions info in /home/dayfun/.jrebel-android/distributions
2017-08-16 13:45:05.751 [AWT-EventQueue-0 3.0#AI-171.4263559 Studio, eap:true, os:Linux 4.4.0-92-lowlatency, java-version:JetBrains s.r.o 1.8.0_152-release-915-b01] DEBUG [cC] Found 4 distributions
2017-08-16 13:45:05.761 [AWT-EventQueue-0 3.0#AI-171.4263559 Studio, eap:true, os:Linux 4.4.0-92-lowlatency, java-version:JetBrains s.r.o 1.8.0_152-release-915-b01] DEBUG [cC] Our dist folder should be /home/dayfun/.jrebel-android/distributions/2.3.14_20170811103931
2017-08-16 13:45:05.762 [AWT-EventQueue-0 3.0#AI-171.4263559 Studio, eap:true, os:Linux 4.4.0-92-lowlatency, java-version:JetBrains s.r.o 1.8.0_152-release-915-b01] DEBUG [cC] Found 0 old and outdated distributions
2017-08-16 13:45:05.762 [AWT-EventQueue-0 3.0#AI-171.4263559 Studio, eap:true, os:Linux 4.4.0-92-lowlatency, java-version:JetBrains s.r.o 1.8.0_152-release-915-b01] DEBUG [cC] Storing new distributions info
2017-08-16 13:45:05.763 [AWT-EventQueue-0 3.0#AI-171.4263559 Studio, eap:true, os:Linux 4.4.0-92-lowlatency, java-version:JetBrains s.r.o 1.8.0_152-release-915-b01] DEBUG [cC] Using distribution folder /home/dayfun/.jrebel-android/distributions/2.3.14_20170811103931
2017-08-16 13:45:05.763 [AWT-EventQueue-0 3.0#AI-171.4263559 Studio, eap:true, os:Linux 4.4.0-92-lowlatency, java-version:JetBrains s.r.o 1.8.0_152-release-915-b01] DEBUG [cF] Releasing lock for file lock sun.nio.ch.FileLockImpl[0:9223372036854775807 exclusive valid]
2017-08-16 13:45:05.763 [AWT-EventQueue-0 3.0#AI-171.4263559 Studio, eap:true, os:Linux 4.4.0-92-lowlatency, java-version:JetBrains s.r.o 1.8.0_152-release-915-b01] DEBUG [cF] Releasing vm lock java.util.concurrent.locks.ReentrantReadWriteLock$WriteLock@47ed3a33[Locked by thread AWT-EventQueue-0 3.0#AI-171.4263559 Studio, eap:true, os:Linux 4.4.0-92-lowlatency, java-version:JetBrains s.r.o 1.8.0_152-release-915-b01] for lock file /home/dayfun/.jrebel-android/distributions/.lock
2017-08-16 13:45:05.771 [AWT-EventQueue-0 3.0#AI-171.4263559 Studio, eap:true, os:Linux 4.4.0-92-lowlatency, java-version:JetBrains s.r.o 1.8.0_152-release-915-b01] WARN  [gD] Reading license failed: java.io.FileNotFoundException: File '/home/dayfun/.jrebel-android/jrebel-android.lic' does not exist
2017-08-16 13:45:05.774 [AWT-EventQueue-0 3.0#AI-171.4263559 Studio, eap:true, os:Linux 4.4.0-92-lowlatency, java-version:JetBrains s.r.o 1.8.0_152-release-915-b01] DEBUG [gw] Found license data: {lastName=Thorngren, GeneratedBy=AUTO, Email=joethorngren@gmail.com, Organization=Personal, Product=JRebel for Android, GeneratedOn=Sun Mar 26 07:15:02 MDT 2017, validFrom=Sun Mar 26 07:11:24 MDT 2017, OrderId=de7c9907c1724e356e3adc16524c1f59f9a5bbdd, limitedFrom=Sun Mar 26 07:11:24 MDT 2017, version=1.21, Name=Joe Thorngren, Seats=1, uid=781c62b19de29accfafb0d0d94eb4a57f398b6f2, firstName=Joe, Type=personal, validUntil=Mon Mar 26 07:11:24 MDT 2018, ZeroId=176847, limitedUntil=Mon Mar 26 07:11:24 MDT 2018}
2017-08-16 13:45:05.808 [AWT-EventQueue-0 3.0#AI-171.4263559 Studio, eap:true, os:Linux 4.4.0-92-lowlatency, java-version:JetBrains s.r.o 1.8.0_152-release-915-b01] DEBUG [go] Read and verified the license.
2017-08-16 13:45:05.809 [AWT-EventQueue-0 3.0#AI-171.4263559 Studio, eap:true, os:Linux 4.4.0-92-lowlatency, java-version:JetBrains s.r.o 1.8.0_152-release-915-b01] DEBUG [gs] License validation passed.
2017-08-16 13:45:05.809 [AWT-EventQueue-0 3.0#AI-171.4263559 Studio, eap:true, os:Linux 4.4.0-92-lowlatency, java-version:JetBrains s.r.o 1.8.0_152-release-915-b01] DEBUG [gD] Read license successfully.
2017-08-16 13:45:05.854 [AWT-EventQueue-0 3.0#AI-171.4263559 Studio, eap:true, os:Linux 4.4.0-92-lowlatency, java-version:JetBrains s.r.o 1.8.0_152-release-915-b01] DEBUG [hP] Total RAM size: 15985.9140625 MB
2017-08-16 13:45:05.856 [AWT-EventQueue-0 3.0#AI-171.4263559 Studio, eap:true, os:Linux 4.4.0-92-lowlatency, java-version:JetBrains s.r.o 1.8.0_152-release-915-b01] DEBUG [gs] License validation passed.
2017-08-16 13:45:05.885 [AWT-EventQueue-0 3.0#AI-171.4263559 Studio, eap:true, os:Linux 4.4.0-92-lowlatency, java-version:JetBrains s.r.o 1.8.0_152-release-915-b01] DEBUG [gs] License validation passed.
2017-08-16 13:45:07.417 [ApplicationImpl pooled thread 2] INFO  [HttpServerComponent] HTTP server started on port: 45088
2017-08-16 13:45:07.423 [ApplicationImpl pooled thread 5] DEBUG [nm] Executing [/usr/lib/jvm/java-8-oracle/bin/java, -version].
2017-08-16 13:45:07.424 [ApplicationImpl pooled thread 5] DEBUG [nm] Started java.lang.UNIXProcess@2cf066be
2017-08-16 13:45:07.552 [Thread-8] DEBUG [ProjectConfigurationComponent$a$1] java version "1.8.0_144"
2017-08-16 13:45:07.552 [Thread-8] DEBUG [ProjectConfigurationComponent$a$1] Java(TM) SE Runtime Environment (build 1.8.0_144-b01)
2017-08-16 13:45:07.552 [Thread-8] DEBUG [ProjectConfigurationComponent$a$1] Java HotSpot(TM) 64-Bit Server VM (build 25.144-b01, mixed mode)
2017-08-16 13:45:07.554 [WaitForProcess-java.lang.UNIXProcess@2cf066be] DEBUG [np] java.lang.UNIXProcess@2cf066be stopped with exit code 0
2017-08-16 13:45:07.556 [ApplicationImpl pooled thread 5] DEBUG [ProjectConfigurationComponent] Detected 64-bit JVM.
2017-08-16 13:45:08.354 [AWT-EventQueue-0 3.0#AI-171.4263559 Studio, eap:true, os:Linux 4.4.0-92-lowlatency, java-version:JetBrains s.r.o 1.8.0_152-release-915-b01] DEBUG [OnboardingComponent] Performing initial startup validation check, startupActivationEnabled? false
2017-08-16 13:45:08.355 [AWT-EventQueue-0 3.0#AI-171.4263559 Studio, eap:true, os:Linux 4.4.0-92-lowlatency, java-version:JetBrains s.r.o 1.8.0_152-release-915-b01] DEBUG [gs] License validation passed.
2017-08-16 13:45:08.355 [AWT-EventQueue-0 3.0#AI-171.4263559 Studio, eap:true, os:Linux 4.4.0-92-lowlatency, java-version:JetBrains s.r.o 1.8.0_152-release-915-b01] DEBUG [eC] License: com.zeroturnaround.jrebel.android.studio.gC@1f015cda
2017-08-16 13:45:08.355 [AWT-EventQueue-0 3.0#AI-171.4263559 Studio, eap:true, os:Linux 4.4.0-92-lowlatency, java-version:JetBrains s.r.o 1.8.0_152-release-915-b01] DEBUG [eC] Performed background activation check, valid? true
2017-08-16 13:45:08.358 [AWT-EventQueue-0 3.0#AI-171.4263559 Studio, eap:true, os:Linux 4.4.0-92-lowlatency, java-version:JetBrains s.r.o 1.8.0_152-release-915-b01] DEBUG [OnboardingComponent] User is activated
2017-08-16 13:45:08.358 [AWT-EventQueue-0 3.0#AI-171.4263559 Studio, eap:true, os:Linux 4.4.0-92-lowlatency, java-version:JetBrains s.r.o 1.8.0_152-release-915-b01] DEBUG [OnboardingComponent] License is valid
2017-08-16 13:45:08.358 [AWT-EventQueue-0 3.0#AI-171.4263559 Studio, eap:true, os:Linux 4.4.0-92-lowlatency, java-version:JetBrains s.r.o 1.8.0_152-release-915-b01] DEBUG [RegularRunComponent] Last invoked run time was: 2017-07-29T14:26:32.952-06:00.
2017-08-16 13:45:08.359 [ApplicationImpl pooled thread 5] DEBUG [ProjectConfigurationComponent] Trying to launch a Gradle daemon in advance.
2017-08-16 13:45:08.359 [ApplicationImpl pooled thread 5] DEBUG [ProjectConfigurationComponent] Found Gradle wrapper executable with /home/dayfun/Code_Complete/Tack/Cortet_Commercial_Android/gradlew.
2017-08-16 13:45:08.359 [ApplicationImpl pooled thread 5] DEBUG [nm] Executing [/home/dayfun/Code_Complete/Tack/Cortet_Commercial_Android/gradlew, --daemon, -b, /tmp/.gradleDaemonStartup7937674087046787824.gradle, -c, /tmp/.gradleDaemonStartup7937674087046787824.gradle, -u] with environment {JAVA_HOME=/usr/lib/jvm/java-8-oracle}.
2017-08-16 13:45:08.360 [ApplicationImpl pooled thread 5] DEBUG [nm] Started java.lang.UNIXProcess@6f6a1b1e
2017-08-16 13:45:08.929 [Thread-9] DEBUG [ProjectConfigurationComponent] Starting a Gradle Daemon, 1 stopped Daemon could not be reused, use --status for details
2017-08-16 13:45:10.609 [Thread-9] DEBUG [ProjectConfigurationComponent] :help
2017-08-16 13:45:10.609 [Thread-9] DEBUG [ProjectConfigurationComponent] 
2017-08-16 13:45:10.609 [Thread-9] DEBUG [ProjectConfigurationComponent] Welcome to Gradle 3.3.
2017-08-16 13:45:10.609 [Thread-9] DEBUG [ProjectConfigurationComponent] 
2017-08-16 13:45:10.612 [Thread-9] DEBUG [ProjectConfigurationComponent] To run a build, run gradlew <task> ...
2017-08-16 13:45:10.613 [Thread-9] DEBUG [ProjectConfigurationComponent] 
2017-08-16 13:45:10.613 [Thread-9] DEBUG [ProjectConfigurationComponent] To see a list of available tasks, run gradlew tasks
2017-08-16 13:45:10.613 [Thread-9] DEBUG [ProjectConfigurationComponent] 
2017-08-16 13:45:10.613 [Thread-9] DEBUG [ProjectConfigurationComponent] To see a list of command-line options, run gradlew --help
2017-08-16 13:45:10.613 [Thread-9] DEBUG [ProjectConfigurationComponent] 
2017-08-16 13:45:10.613 [Thread-9] DEBUG [ProjectConfigurationComponent] To see more detail about a task, run gradlew help --task <task>
2017-08-16 13:45:10.615 [Thread-9] DEBUG [ProjectConfigurationComponent] 
2017-08-16 13:45:10.615 [Thread-9] DEBUG [ProjectConfigurationComponent] BUILD SUCCESSFUL
2017-08-16 13:45:10.615 [Thread-9] DEBUG [ProjectConfigurationComponent] 
2017-08-16 13:45:10.615 [Thread-9] DEBUG [ProjectConfigurationComponent] Total time: 2.227 secs
2017-08-16 13:45:10.957 [WaitForProcess-java.lang.UNIXProcess@6f6a1b1e] DEBUG [np] java.lang.UNIXProcess@6f6a1b1e stopped with exit code 0
2017-08-16 13:45:34.587 [ApplicationImpl pooled thread 4] DEBUG [nm] Executing [/usr/lib/jvm/java-8-oracle/bin/java, -version].
2017-08-16 13:45:34.589 [ApplicationImpl pooled thread 4] DEBUG [nm] Started java.lang.UNIXProcess@286024a0
2017-08-16 13:45:34.641 [Thread-33] DEBUG [ProjectConfigurationComponent$a$1] java version "1.8.0_144"
2017-08-16 13:45:34.641 [Thread-33] DEBUG [ProjectConfigurationComponent$a$1] Java(TM) SE Runtime Environment (build 1.8.0_144-b01)
2017-08-16 13:45:34.641 [Thread-33] DEBUG [ProjectConfigurationComponent$a$1] Java HotSpot(TM) 64-Bit Server VM (build 25.144-b01, mixed mode)
2017-08-16 13:45:34.644 [WaitForProcess-java.lang.UNIXProcess@286024a0] DEBUG [np] java.lang.UNIXProcess@286024a0 stopped with exit code 0
2017-08-16 13:45:34.647 [ApplicationImpl pooled thread 4] DEBUG [ProjectConfigurationComponent] Detected 64-bit JVM.
2017-08-16 13:55:38.753 [AWT-EventQueue-0 3.0#AI-171.4263559 Studio, eap:true, os:Linux 4.4.0-92-lowlatency, java-version:JetBrains s.r.o 1.8.0_152-release-915-b01] DEBUG [fO] Stopping.
2017-08-16 13:55:38.754 [NanoHttpd Main Listener] DEBUG [NanoHTTPD] Failed to accept socket: java.net.SocketException: Socket closed
2017-08-16 13:55:42.381 [AWT-EventQueue-0] DEBUG [em] 



2017-08-16 13:55:42.382 [AWT-EventQueue-0] DEBUG [em] JRebel for Android IDE plugin started
2017-08-16 13:55:44.280 [AWT-EventQueue-0 2.3#AI-162.4069837 Studio, eap:false, os:Linux 4.4.0-92-lowlatency, java-version:JetBrains s.r.o 1.8.0_112-release-b06] DEBUG [cF] Took a vm lock java.util.concurrent.locks.ReentrantReadWriteLock$WriteLock@f8c4cd2[Locked by thread AWT-EventQueue-0 2.3#AI-162.4069837 Studio, eap:false, os:Linux 4.4.0-92-lowlatency, java-version:JetBrains s.r.o 1.8.0_112-release-b06] for file /home/dayfun/.jrebel-android/distributions/.lock
2017-08-16 13:55:44.280 [AWT-EventQueue-0 2.3#AI-162.4069837 Studio, eap:false, os:Linux 4.4.0-92-lowlatency, java-version:JetBrains s.r.o 1.8.0_112-release-b06] DEBUG [cF] Took file lock sun.nio.ch.FileLockImpl[0:9223372036854775807 exclusive valid]
2017-08-16 13:55:44.281 [AWT-EventQueue-0 2.3#AI-162.4069837 Studio, eap:false, os:Linux 4.4.0-92-lowlatency, java-version:JetBrains s.r.o 1.8.0_112-release-b06] DEBUG [cC] Reading distributions info in /home/dayfun/.jrebel-android/distributions
2017-08-16 13:55:44.287 [AWT-EventQueue-0 2.3#AI-162.4069837 Studio, eap:false, os:Linux 4.4.0-92-lowlatency, java-version:JetBrains s.r.o 1.8.0_112-release-b06] DEBUG [cC] Found 4 distributions
2017-08-16 13:55:44.297 [AWT-EventQueue-0 2.3#AI-162.4069837 Studio, eap:false, os:Linux 4.4.0-92-lowlatency, java-version:JetBrains s.r.o 1.8.0_112-release-b06] DEBUG [cC] Our dist folder should be /home/dayfun/.jrebel-android/distributions/2.3.14_20170811103931
2017-08-16 13:55:44.297 [AWT-EventQueue-0 2.3#AI-162.4069837 Studio, eap:false, os:Linux 4.4.0-92-lowlatency, java-version:JetBrains s.r.o 1.8.0_112-release-b06] DEBUG [cC] Found 0 old and outdated distributions
2017-08-16 13:55:44.297 [AWT-EventQueue-0 2.3#AI-162.4069837 Studio, eap:false, os:Linux 4.4.0-92-lowlatency, java-version:JetBrains s.r.o 1.8.0_112-release-b06] DEBUG [cC] Storing new distributions info
2017-08-16 13:55:44.298 [AWT-EventQueue-0 2.3#AI-162.4069837 Studio, eap:false, os:Linux 4.4.0-92-lowlatency, java-version:JetBrains s.r.o 1.8.0_112-release-b06] DEBUG [cC] Using distribution folder /home/dayfun/.jrebel-android/distributions/2.3.14_20170811103931
2017-08-16 13:55:44.298 [AWT-EventQueue-0 2.3#AI-162.4069837 Studio, eap:false, os:Linux 4.4.0-92-lowlatency, java-version:JetBrains s.r.o 1.8.0_112-release-b06] DEBUG [cF] Releasing lock for file lock sun.nio.ch.FileLockImpl[0:9223372036854775807 exclusive valid]
2017-08-16 13:55:44.298 [AWT-EventQueue-0 2.3#AI-162.4069837 Studio, eap:false, os:Linux 4.4.0-92-lowlatency, java-version:JetBrains s.r.o 1.8.0_112-release-b06] DEBUG [cF] Releasing vm lock java.util.concurrent.locks.ReentrantReadWriteLock$WriteLock@f8c4cd2[Locked by thread AWT-EventQueue-0 2.3#AI-162.4069837 Studio, eap:false, os:Linux 4.4.0-92-lowlatency, java-version:JetBrains s.r.o 1.8.0_112-release-b06] for lock file /home/dayfun/.jrebel-android/distributions/.lock
2017-08-16 13:55:44.306 [AWT-EventQueue-0 2.3#AI-162.4069837 Studio, eap:false, os:Linux 4.4.0-92-lowlatency, java-version:JetBrains s.r.o 1.8.0_112-release-b06] WARN  [gD] Reading license failed: java.io.FileNotFoundException: File '/home/dayfun/.jrebel-android/jrebel-android.lic' does not exist
2017-08-16 13:55:44.309 [AWT-EventQueue-0 2.3#AI-162.4069837 Studio, eap:false, os:Linux 4.4.0-92-lowlatency, java-version:JetBrains s.r.o 1.8.0_112-release-b06] DEBUG [gw] Found license data: {lastName=Thorngren, GeneratedBy=AUTO, Email=joethorngren@gmail.com, Organization=Personal, Product=JRebel for Android, GeneratedOn=Sun Mar 26 07:15:02 MDT 2017, validFrom=Sun Mar 26 07:11:24 MDT 2017, OrderId=de7c9907c1724e356e3adc16524c1f59f9a5bbdd, limitedFrom=Sun Mar 26 07:11:24 MDT 2017, version=1.21, Name=Joe Thorngren, Seats=1, uid=781c62b19de29accfafb0d0d94eb4a57f398b6f2, firstName=Joe, Type=personal, validUntil=Mon Mar 26 07:11:24 MDT 2018, ZeroId=176847, limitedUntil=Mon Mar 26 07:11:24 MDT 2018}
2017-08-16 13:55:44.335 [AWT-EventQueue-0 2.3#AI-162.4069837 Studio, eap:false, os:Linux 4.4.0-92-lowlatency, java-version:JetBrains s.r.o 1.8.0_112-release-b06] DEBUG [go] Read and verified the license.
2017-08-16 13:55:44.336 [AWT-EventQueue-0 2.3#AI-162.4069837 Studio, eap:false, os:Linux 4.4.0-92-lowlatency, java-version:JetBrains s.r.o 1.8.0_112-release-b06] DEBUG [gs] License validation passed.
2017-08-16 13:55:44.336 [AWT-EventQueue-0 2.3#AI-162.4069837 Studio, eap:false, os:Linux 4.4.0-92-lowlatency, java-version:JetBrains s.r.o 1.8.0_112-release-b06] DEBUG [gD] Read license successfully.
2017-08-16 13:55:44.376 [AWT-EventQueue-0 2.3#AI-162.4069837 Studio, eap:false, os:Linux 4.4.0-92-lowlatency, java-version:JetBrains s.r.o 1.8.0_112-release-b06] DEBUG [hP] Total RAM size: 15985.9140625 MB
2017-08-16 13:55:44.377 [AWT-EventQueue-0 2.3#AI-162.4069837 Studio, eap:false, os:Linux 4.4.0-92-lowlatency, java-version:JetBrains s.r.o 1.8.0_112-release-b06] DEBUG [gs] License validation passed.
2017-08-16 13:55:44.403 [AWT-EventQueue-0 2.3#AI-162.4069837 Studio, eap:false, os:Linux 4.4.0-92-lowlatency, java-version:JetBrains s.r.o 1.8.0_112-release-b06] DEBUG [gs] License validation passed.
2017-08-16 13:55:45.782 [ApplicationImpl pooled thread 2] INFO  [HttpServerComponent] HTTP server started on port: 42931
2017-08-16 13:55:45.787 [ApplicationImpl pooled thread 1] DEBUG [nm] Executing [/home/dayfun/Apps/Android-Studio-Stable/jre/bin/java, -version].
2017-08-16 13:55:45.788 [ApplicationImpl pooled thread 1] DEBUG [nm] Started java.lang.UNIXProcess@101a5587
2017-08-16 13:55:45.812 [Thread-6] DEBUG [ProjectConfigurationComponent$a$1] openjdk version "1.8.0_112-release"
2017-08-16 13:55:45.813 [Thread-6] DEBUG [ProjectConfigurationComponent$a$1] OpenJDK Runtime Environment (build 1.8.0_112-release-b06)
2017-08-16 13:55:45.813 [Thread-6] DEBUG [ProjectConfigurationComponent$a$1] OpenJDK 64-Bit Server VM (build 25.112-b06, mixed mode)
2017-08-16 13:55:45.816 [WaitForProcess-java.lang.UNIXProcess@101a5587] DEBUG [np] java.lang.UNIXProcess@101a5587 stopped with exit code 0
2017-08-16 13:55:45.818 [ApplicationImpl pooled thread 1] DEBUG [ProjectConfigurationComponent] Detected 64-bit JVM.
2017-08-16 13:55:46.653 [AWT-EventQueue-0 2.3#AI-162.4069837 Studio, eap:false, os:Linux 4.4.0-92-lowlatency, java-version:JetBrains s.r.o 1.8.0_112-release-b06] DEBUG [OnboardingComponent] Performing initial startup validation check, startupActivationEnabled? false
2017-08-16 13:55:46.654 [AWT-EventQueue-0 2.3#AI-162.4069837 Studio, eap:false, os:Linux 4.4.0-92-lowlatency, java-version:JetBrains s.r.o 1.8.0_112-release-b06] DEBUG [gs] License validation passed.
2017-08-16 13:55:46.654 [AWT-EventQueue-0 2.3#AI-162.4069837 Studio, eap:false, os:Linux 4.4.0-92-lowlatency, java-version:JetBrains s.r.o 1.8.0_112-release-b06] DEBUG [eC] License: com.zeroturnaround.jrebel.android.studio.gC@5970c79a
2017-08-16 13:55:46.654 [AWT-EventQueue-0 2.3#AI-162.4069837 Studio, eap:false, os:Linux 4.4.0-92-lowlatency, java-version:JetBrains s.r.o 1.8.0_112-release-b06] DEBUG [eC] Performed background activation check, valid? true
2017-08-16 13:55:46.656 [AWT-EventQueue-0 2.3#AI-162.4069837 Studio, eap:false, os:Linux 4.4.0-92-lowlatency, java-version:JetBrains s.r.o 1.8.0_112-release-b06] DEBUG [OnboardingComponent] User is activated
2017-08-16 13:55:46.656 [AWT-EventQueue-0 2.3#AI-162.4069837 Studio, eap:false, os:Linux 4.4.0-92-lowlatency, java-version:JetBrains s.r.o 1.8.0_112-release-b06] DEBUG [OnboardingComponent] License is valid
2017-08-16 13:55:46.656 [AWT-EventQueue-0 2.3#AI-162.4069837 Studio, eap:false, os:Linux 4.4.0-92-lowlatency, java-version:JetBrains s.r.o 1.8.0_112-release-b06] DEBUG [RegularRunComponent] Last invoked run time was: 2017-07-30T11:05:41.682-06:00.
2017-08-16 13:55:46.657 [ApplicationImpl pooled thread 1] DEBUG [ProjectConfigurationComponent] Trying to launch a Gradle daemon in advance.
2017-08-16 13:55:46.657 [ApplicationImpl pooled thread 1] DEBUG [ProjectConfigurationComponent] Found Gradle wrapper executable with /home/dayfun/Code_Complete/Tack/Cortet_Commercial_Android/gradlew.
2017-08-16 13:55:46.657 [ApplicationImpl pooled thread 1] DEBUG [nm] Executing [/home/dayfun/Code_Complete/Tack/Cortet_Commercial_Android/gradlew, --daemon, -b, /tmp/.gradleDaemonStartup5766072086845377932.gradle, -c, /tmp/.gradleDaemonStartup5766072086845377932.gradle, -u] with environment {JAVA_HOME=/home/dayfun/Apps/Android-Studio-Stable/jre}.
2017-08-16 13:55:46.658 [ApplicationImpl pooled thread 1] DEBUG [nm] Started java.lang.UNIXProcess@15f3ce8b
2017-08-16 13:55:46.938 [Thread-7] DEBUG [ProjectConfigurationComponent] Starting a Gradle Daemon, 1 stopped Daemon could not be reused, use --status for details
2017-08-16 13:55:48.549 [Thread-7] DEBUG [ProjectConfigurationComponent] :help
2017-08-16 13:55:48.550 [Thread-7] DEBUG [ProjectConfigurationComponent] 
2017-08-16 13:55:48.550 [Thread-7] DEBUG [ProjectConfigurationComponent] Welcome to Gradle 4.1-rc-1.
2017-08-16 13:55:48.550 [Thread-7] DEBUG [ProjectConfigurationComponent] 
2017-08-16 13:55:48.561 [Thread-7] DEBUG [ProjectConfigurationComponent] To run a build, run gradlew <task> ...
2017-08-16 13:55:48.562 [Thread-7] DEBUG [ProjectConfigurationComponent] 
2017-08-16 13:55:48.562 [Thread-7] DEBUG [ProjectConfigurationComponent] To see a list of available tasks, run gradlew tasks
2017-08-16 13:55:48.562 [Thread-7] DEBUG [ProjectConfigurationComponent] 
2017-08-16 13:55:48.562 [Thread-7] DEBUG [ProjectConfigurationComponent] To see a list of command-line options, run gradlew --help
2017-08-16 13:55:48.562 [Thread-7] DEBUG [ProjectConfigurationComponent] 
2017-08-16 13:55:48.562 [Thread-7] DEBUG [ProjectConfigurationComponent] To see more detail about a task, run gradlew help --task <task>
2017-08-16 13:55:48.562 [Thread-7] DEBUG [ProjectConfigurationComponent] 
2017-08-16 13:55:48.562 [Thread-7] DEBUG [ProjectConfigurationComponent] BUILD SUCCESSFUL in 1s
2017-08-16 13:55:48.562 [Thread-7] DEBUG [ProjectConfigurationComponent] 1 actionable task: 1 executed
2017-08-16 13:55:48.896 [WaitForProcess-java.lang.UNIXProcess@15f3ce8b] DEBUG [np] java.lang.UNIXProcess@15f3ce8b stopped with exit code 0
2017-08-16 13:57:10.649 [ApplicationImpl pooled thread 13] DEBUG [nm] Executing [/home/dayfun/Apps/Android-Studio-Stable/jre/bin/java, -version].
2017-08-16 13:57:10.652 [ApplicationImpl pooled thread 13] DEBUG [nm] Started java.lang.UNIXProcess@6137d41b
2017-08-16 13:57:10.679 [Thread-20] DEBUG [ProjectConfigurationComponent$a$1] openjdk version "1.8.0_112-release"
2017-08-16 13:57:10.679 [Thread-20] DEBUG [ProjectConfigurationComponent$a$1] OpenJDK Runtime Environment (build 1.8.0_112-release-b06)
2017-08-16 13:57:10.679 [Thread-20] DEBUG [ProjectConfigurationComponent$a$1] OpenJDK 64-Bit Server VM (build 25.112-b06, mixed mode)
2017-08-16 13:57:10.682 [WaitForProcess-java.lang.UNIXProcess@6137d41b] DEBUG [np] java.lang.UNIXProcess@6137d41b stopped with exit code 0
2017-08-16 13:57:10.683 [ApplicationImpl pooled thread 13] DEBUG [ProjectConfigurationComponent] Detected 64-bit JVM.
