2017-07-30 13:56:17,708 INFO - root - Initialising application
2017-07-30 13:56:17,712 INFO - root - Initialise global hotkeys
2017-07-30 13:56:17,712 INFO - config-manager - No configuration found - creating new one
2017-07-30 13:56:17,713 INFO - config-manager - Configuration changed - rebuilding in-memory structures
2017-07-30 13:56:17,713 INFO - config-manager - Persisting configuration
2017-07-30 13:56:17,713 INFO - config-manager - Finished persisting configuration - no errors
2017-07-30 13:56:17,714 INFO - service - Starting service
2017-07-30 13:56:17,745 INFO - interface - XRecord interface thread starting
2017-07-30 13:56:17,745 INFO - service - Service now marked as running
2017-07-30 13:56:17,761 INFO - root - Displaying configuration window
2017-07-30 13:56:17,871 INFO - root - Entering main()
2017-07-30 13:57:01,244 INFO - config-manager - Configuration changed - rebuilding in-memory structures
2017-07-30 13:59:15,384 INFO - config-manager - Configuration changed - rebuilding in-memory structures
2017-07-30 13:59:19,211 INFO - config-manager - Configuration changed - rebuilding in-memory structures
2017-07-30 13:59:59,184 INFO - config-manager - Configuration changed - rebuilding in-memory structures
2017-07-30 14:01:46,797 INFO - config-manager - Configuration changed - rebuilding in-memory structures
2017-07-30 14:02:00,246 INFO - config-manager - Configuration changed - rebuilding in-memory structures
2017-07-30 14:02:42,182 INFO - config-manager - Configuration changed - rebuilding in-memory structures
2017-07-30 14:02:42,182 INFO - config-manager - Persisting configuration
2017-07-30 14:02:42,182 INFO - config-manager - Backing up existing config file
2017-07-30 14:02:42,183 INFO - config-manager - Finished persisting configuration - no errors
2017-07-30 14:02:42,395 INFO - config-manager - Configuration changed - rebuilding in-memory structures
2017-07-30 14:02:47,217 INFO - config-manager - Reloading global configuration
2017-07-30 14:02:47,217 INFO - config-manager - Configuration changed - rebuilding in-memory structures
2017-07-30 14:02:47,219 INFO - config-manager - Successfully reloaded global configuration
2017-07-30 14:02:48,220 INFO - config-manager - Reloading global configuration
2017-07-30 14:02:48,220 INFO - config-manager - Configuration changed - rebuilding in-memory structures
2017-07-30 14:02:48,220 INFO - config-manager - Successfully reloaded global configuration
2017-07-30 14:04:44,039 INFO - config-manager - Configuration changed - rebuilding in-memory structures
2017-07-30 14:06:24,927 INFO - config-manager - Configuration changed - rebuilding in-memory structures
2017-07-30 14:06:24,927 INFO - config-manager - Persisting configuration
2017-07-30 14:06:24,928 INFO - config-manager - Backing up existing config file
2017-07-30 14:06:24,929 INFO - config-manager - Finished persisting configuration - no errors
2017-07-30 14:08:48,196 INFO - root - Displaying configuration window
2017-07-30 14:09:26,283 INFO - config-manager - Configuration changed - rebuilding in-memory structures
2017-07-30 14:09:26,283 INFO - config-manager - Persisting configuration
2017-07-30 14:09:26,285 INFO - config-manager - Backing up existing config file
2017-07-30 14:09:26,288 INFO - config-manager - Finished persisting configuration - no errors
2017-07-30 14:09:28,969 INFO - config-manager - Configuration changed - rebuilding in-memory structures
2017-07-30 14:09:28,969 INFO - config-manager - Persisting configuration
2017-07-30 14:09:28,969 INFO - config-manager - Backing up existing config file
2017-07-30 14:09:28,971 INFO - config-manager - Finished persisting configuration - no errors
2017-07-30 14:10:23,704 INFO - config-manager - Configuration changed - rebuilding in-memory structures
2017-07-30 14:10:25,393 INFO - config-manager - Configuration changed - rebuilding in-memory structures
2017-07-30 14:10:25,394 INFO - config-manager - Persisting configuration
2017-07-30 14:10:25,394 INFO - config-manager - Backing up existing config file
2017-07-30 14:10:25,395 INFO - config-manager - Finished persisting configuration - no errors
2017-07-30 14:10:35,094 INFO - root - Displaying configuration window
2017-07-30 14:10:44,106 INFO - config-manager - Configuration changed - rebuilding in-memory structures
2017-07-30 14:10:44,106 INFO - config-manager - Persisting configuration
2017-07-30 14:10:44,106 INFO - config-manager - Backing up existing config file
2017-07-30 14:10:44,109 INFO - config-manager - Finished persisting configuration - no errors
2017-07-30 14:11:12,748 INFO - config-manager - Configuration changed - rebuilding in-memory structures
2017-07-30 14:11:12,748 ERROR - pyinotify - add_watch: cannot watch /home/dayfun/.config/autokey/data/Scripts WD=-1, Errno=No such file or directory (ENOENT)
2017-07-30 14:11:42,417 INFO - config-manager - Configuration changed - rebuilding in-memory structures
2017-07-30 14:11:42,418 ERROR - pyinotify - add_watch: cannot watch /home/dayfun/.config/autokey/data/Scripts WD=-1, Errno=No such file or directory (ENOENT)
2017-07-30 14:11:46,710 INFO - config-manager - Configuration changed - rebuilding in-memory structures
2017-07-30 14:11:46,710 ERROR - pyinotify - add_watch: cannot watch /home/dayfun/.config/autokey/data/Scripts WD=-1, Errno=No such file or directory (ENOENT)
2017-07-30 14:11:51,789 INFO - config-manager - Configuration changed - rebuilding in-memory structures
2017-07-30 14:11:51,790 ERROR - pyinotify - add_watch: cannot watch /home/dayfun/.config/autokey/data/Scripts WD=-1, Errno=No such file or directory (ENOENT)
2017-07-30 14:12:31,988 INFO - config-manager - Configuration changed - rebuilding in-memory structures
2017-07-30 14:12:31,989 ERROR - pyinotify - add_watch: cannot watch /home/dayfun/.config/autokey/data/Scripts WD=-1, Errno=No such file or directory (ENOENT)
2017-07-30 14:12:33,072 INFO - config-manager - Configuration changed - rebuilding in-memory structures
2017-07-30 14:12:33,073 INFO - config-manager - Persisting configuration
2017-07-30 14:12:33,074 INFO - config-manager - Backing up existing config file
2017-07-30 14:12:33,078 INFO - config-manager - Finished persisting configuration - no errors
2017-07-30 18:27:04,884 INFO - root - Displaying configuration window
2017-07-30 18:27:49,628 INFO - config-manager - Configuration changed - rebuilding in-memory structures
2017-07-30 18:27:49,629 ERROR - pyinotify - add_watch: cannot watch /home/dayfun/.config/autokey/data/Scripts WD=-1, Errno=No such file or directory (ENOENT)
2017-07-30 18:27:49,630 INFO - config-manager - Persisting configuration
2017-07-30 18:27:49,630 INFO - config-manager - Backing up existing config file
2017-07-30 18:27:49,633 INFO - config-manager - Finished persisting configuration - no errors
2017-07-30 18:27:53,789 INFO - config-manager - Configuration changed - rebuilding in-memory structures
2017-07-30 18:27:53,789 ERROR - pyinotify - add_watch: cannot watch /home/dayfun/.config/autokey/data/Scripts WD=-1, Errno=No such file or directory (ENOENT)
2017-07-30 18:27:53,789 INFO - config-manager - Persisting configuration
2017-07-30 18:27:53,790 INFO - config-manager - Backing up existing config file
2017-07-30 18:27:53,791 INFO - config-manager - Finished persisting configuration - no errors
2017-07-30 18:27:54,279 WARNING - config-manager - No action taken for delete event at /home/dayfun/.config/autokey/data/Phrases/Addresses/.folder.json
2017-07-30 18:28:27,120 INFO - config-manager - Configuration changed - rebuilding in-memory structures
2017-07-30 18:28:27,121 ERROR - pyinotify - add_watch: cannot watch /home/dayfun/.config/autokey/data/Scripts WD=-1, Errno=No such file or directory (ENOENT)
2017-07-30 18:28:28,963 INFO - config-manager - Configuration changed - rebuilding in-memory structures
2017-07-30 18:28:28,964 ERROR - pyinotify - add_watch: cannot watch /home/dayfun/.config/autokey/data/Scripts WD=-1, Errno=No such file or directory (ENOENT)
2017-07-30 18:28:28,964 INFO - config-manager - Persisting configuration
2017-07-30 18:28:28,964 INFO - config-manager - Backing up existing config file
2017-07-30 18:28:28,965 INFO - config-manager - Finished persisting configuration - no errors
2017-07-30 18:30:03,835 INFO - root - Displaying configuration window
2017-07-30 18:30:45,283 INFO - config-manager - Configuration changed - rebuilding in-memory structures
2017-07-30 18:30:45,284 ERROR - pyinotify - add_watch: cannot watch /home/dayfun/.config/autokey/data/Scripts WD=-1, Errno=No such file or directory (ENOENT)
2017-07-30 18:30:45,285 INFO - config-manager - Persisting configuration
2017-07-30 18:30:45,286 INFO - config-manager - Backing up existing config file
2017-07-30 18:30:45,288 INFO - config-manager - Finished persisting configuration - no errors
2017-07-30 18:30:53,293 INFO - config-manager - Configuration changed - rebuilding in-memory structures
2017-07-30 18:30:53,294 ERROR - pyinotify - add_watch: cannot watch /home/dayfun/.config/autokey/data/Scripts WD=-1, Errno=No such file or directory (ENOENT)
2017-07-30 18:31:08,607 INFO - config-manager - Configuration changed - rebuilding in-memory structures
2017-07-30 18:31:08,608 ERROR - pyinotify - add_watch: cannot watch /home/dayfun/.config/autokey/data/Scripts WD=-1, Errno=No such file or directory (ENOENT)
2017-07-30 18:31:08,608 INFO - config-manager - Persisting configuration
2017-07-30 18:31:08,609 INFO - config-manager - Backing up existing config file
2017-07-30 18:31:08,612 INFO - config-manager - Finished persisting configuration - no errors
2017-07-30 18:31:14,561 INFO - config-manager - Configuration changed - rebuilding in-memory structures
2017-07-30 18:31:14,561 ERROR - pyinotify - add_watch: cannot watch /home/dayfun/.config/autokey/data/Scripts WD=-1, Errno=No such file or directory (ENOENT)
2017-07-30 18:31:14,562 INFO - config-manager - Persisting configuration
2017-07-30 18:31:14,563 INFO - config-manager - Backing up existing config file
2017-07-30 18:31:14,565 INFO - config-manager - Finished persisting configuration - no errors
2017-07-30 18:31:21,729 INFO - config-manager - Configuration changed - rebuilding in-memory structures
2017-07-30 18:31:21,730 ERROR - pyinotify - add_watch: cannot watch /home/dayfun/.config/autokey/data/Scripts WD=-1, Errno=No such file or directory (ENOENT)
2017-07-30 18:31:21,730 INFO - config-manager - Persisting configuration
2017-07-30 18:31:21,730 INFO - config-manager - Backing up existing config file
2017-07-30 18:31:21,731 INFO - config-manager - Finished persisting configuration - no errors
2017-07-30 18:31:25,573 INFO - config-manager - Configuration changed - rebuilding in-memory structures
2017-07-30 18:31:25,574 ERROR - pyinotify - add_watch: cannot watch /home/dayfun/.config/autokey/data/Scripts WD=-1, Errno=No such file or directory (ENOENT)
2017-07-30 18:31:25,575 INFO - config-manager - Persisting configuration
2017-07-30 18:31:25,576 INFO - config-manager - Backing up existing config file
2017-07-30 18:31:25,578 INFO - config-manager - Finished persisting configuration - no errors
2017-07-30 18:32:00,453 INFO - config-manager - Configuration changed - rebuilding in-memory structures
2017-07-30 18:32:00,453 ERROR - pyinotify - add_watch: cannot watch /home/dayfun/.config/autokey/data/Scripts WD=-1, Errno=No such file or directory (ENOENT)
2017-07-30 18:32:00,454 INFO - config-manager - Persisting configuration
2017-07-30 18:32:00,455 INFO - config-manager - Backing up existing config file
2017-07-30 18:32:00,458 INFO - config-manager - Finished persisting configuration - no errors
2017-07-30 18:32:45,422 INFO - config-manager - Configuration changed - rebuilding in-memory structures
2017-07-30 18:32:45,422 ERROR - pyinotify - add_watch: cannot watch /home/dayfun/.config/autokey/data/Scripts WD=-1, Errno=No such file or directory (ENOENT)
2017-07-30 18:32:56,673 INFO - config-manager - Configuration changed - rebuilding in-memory structures
2017-07-30 18:32:56,674 ERROR - pyinotify - add_watch: cannot watch /home/dayfun/.config/autokey/data/Scripts WD=-1, Errno=No such file or directory (ENOENT)
2017-07-30 18:32:58,515 INFO - config-manager - Configuration changed - rebuilding in-memory structures
2017-07-30 18:32:58,515 ERROR - pyinotify - add_watch: cannot watch /home/dayfun/.config/autokey/data/Scripts WD=-1, Errno=No such file or directory (ENOENT)
2017-07-30 18:32:58,516 INFO - config-manager - Persisting configuration
2017-07-30 18:32:58,516 INFO - config-manager - Backing up existing config file
2017-07-30 18:32:58,517 INFO - config-manager - Finished persisting configuration - no errors
2017-07-30 18:35:15,904 INFO - root - Displaying configuration window
2017-07-30 18:35:45,115 INFO - config-manager - Configuration changed - rebuilding in-memory structures
2017-07-30 18:35:45,116 ERROR - pyinotify - add_watch: cannot watch /home/dayfun/.config/autokey/data/Scripts WD=-1, Errno=No such file or directory (ENOENT)
2017-07-30 18:37:04,450 INFO - config-manager - Configuration changed - rebuilding in-memory structures
2017-07-30 18:37:04,450 ERROR - pyinotify - add_watch: cannot watch /home/dayfun/.config/autokey/data/Scripts WD=-1, Errno=No such file or directory (ENOENT)
2017-07-30 18:55:51,802 INFO - config-manager - Configuration changed - rebuilding in-memory structures
2017-07-30 18:55:51,804 ERROR - pyinotify - add_watch: cannot watch /home/dayfun/.config/autokey/data/Scripts WD=-1, Errno=No such file or directory (ENOENT)
2017-07-30 18:55:51,804 INFO - config-manager - Persisting configuration
2017-07-30 18:55:51,804 INFO - config-manager - Backing up existing config file
2017-07-30 18:55:51,805 INFO - config-manager - Finished persisting configuration - no errors
2017-07-30 19:01:18,349 INFO - root - Displaying configuration window
2017-07-30 19:01:38,922 INFO - config-manager - Configuration changed - rebuilding in-memory structures
2017-07-30 19:01:38,923 ERROR - pyinotify - add_watch: cannot watch /home/dayfun/.config/autokey/data/Scripts WD=-1, Errno=No such file or directory (ENOENT)
2017-07-30 19:01:43,264 INFO - service - Undoing last abbreviation expansion
2017-07-30 19:01:55,248 INFO - config-manager - Configuration changed - rebuilding in-memory structures
2017-07-30 19:01:55,248 ERROR - pyinotify - add_watch: cannot watch /home/dayfun/.config/autokey/data/Scripts WD=-1, Errno=No such file or directory (ENOENT)
2017-07-30 19:03:10,862 INFO - config-manager - Configuration changed - rebuilding in-memory structures
2017-07-30 19:03:10,863 ERROR - pyinotify - add_watch: cannot watch /home/dayfun/.config/autokey/data/Scripts WD=-1, Errno=No such file or directory (ENOENT)
2017-07-31 17:26:31,691 INFO - root - Initialising application
2017-07-31 17:26:31,695 INFO - root - Initialise global hotkeys
2017-07-31 17:26:31,695 INFO - config-manager - Loading config from existing file: /home/dayfun/.config/autokey/autokey.json
2017-07-31 17:26:31,699 INFO - config-manager - Configuration changed - rebuilding in-memory structures
2017-07-31 17:26:31,699 INFO - config-manager - Successfully loaded configuration
2017-07-31 17:26:31,699 INFO - service - Starting service
2017-07-31 17:26:31,728 INFO - interface - XRecord interface thread starting
2017-07-31 17:26:31,729 INFO - service - Service now marked as running
2017-07-31 17:26:31,743 INFO - root - Displaying configuration window
2017-07-31 17:26:31,853 INFO - root - Entering main()
2017-07-31 18:23:53,491 INFO - config-manager - Configuration changed - rebuilding in-memory structures
2017-07-31 18:24:22,019 INFO - config-manager - Configuration changed - rebuilding in-memory structures
2017-07-31 18:24:26,587 INFO - service - Undoing last abbreviation expansion
2017-07-31 18:24:46,206 INFO - config-manager - Configuration changed - rebuilding in-memory structures
2017-07-31 18:24:52,587 INFO - config-manager - Configuration changed - rebuilding in-memory structures
2017-07-31 18:24:56,577 INFO - config-manager - Configuration changed - rebuilding in-memory structures
2017-07-31 18:42:42,923 INFO - config-manager - Configuration changed - rebuilding in-memory structures
2017-07-31 18:42:42,923 INFO - config-manager - Persisting configuration
2017-07-31 18:42:42,924 INFO - config-manager - Backing up existing config file
2017-07-31 18:42:42,924 INFO - config-manager - Finished persisting configuration - no errors
2017-07-31 18:58:38,707 INFO - root - Displaying configuration window
2017-07-31 19:00:00,472 INFO - config-manager - Configuration changed - rebuilding in-memory structures
2017-07-31 19:00:00,473 INFO - config-manager - Persisting configuration
2017-07-31 19:00:00,473 INFO - config-manager - Backing up existing config file
2017-07-31 19:00:00,473 INFO - config-manager - Finished persisting configuration - no errors
2017-08-02 11:59:00,113 INFO - root - Initialising application
2017-08-02 11:59:00,117 INFO - root - Initialise global hotkeys
2017-08-02 11:59:00,117 INFO - config-manager - Loading config from existing file: /home/dayfun/.config/autokey/autokey.json
2017-08-02 11:59:00,121 INFO - config-manager - Configuration changed - rebuilding in-memory structures
2017-08-02 11:59:00,121 INFO - config-manager - Successfully loaded configuration
2017-08-02 11:59:00,121 INFO - service - Starting service
2017-08-02 11:59:00,153 INFO - interface - XRecord interface thread starting
2017-08-02 11:59:00,153 INFO - service - Service now marked as running
2017-08-02 11:59:00,169 INFO - root - Displaying configuration window
2017-08-02 11:59:00,279 INFO - root - Entering main()
2017-08-02 11:59:03,741 INFO - config-manager - Configuration changed - rebuilding in-memory structures
2017-08-02 11:59:03,742 INFO - config-manager - Persisting configuration
2017-08-02 11:59:03,743 INFO - config-manager - Backing up existing config file
2017-08-02 11:59:03,745 INFO - config-manager - Finished persisting configuration - no errors
2017-08-02 16:47:53,076 INFO - root - Initialising application
2017-08-02 16:47:53,080 INFO - root - Initialise global hotkeys
2017-08-02 16:47:53,080 INFO - config-manager - Loading config from existing file: /home/dayfun/.config/autokey/autokey.json
2017-08-02 16:47:53,084 INFO - config-manager - Configuration changed - rebuilding in-memory structures
2017-08-02 16:47:53,084 INFO - config-manager - Successfully loaded configuration
2017-08-02 16:47:53,084 INFO - service - Starting service
2017-08-02 16:47:53,114 INFO - interface - XRecord interface thread starting
2017-08-02 16:47:53,114 INFO - service - Service now marked as running
2017-08-02 16:47:53,135 INFO - root - Displaying configuration window
2017-08-02 16:47:53,248 INFO - root - Entering main()
2017-08-02 16:47:56,035 INFO - config-manager - Configuration changed - rebuilding in-memory structures
2017-08-02 16:47:56,036 INFO - config-manager - Persisting configuration
2017-08-02 16:47:56,036 INFO - config-manager - Backing up existing config file
2017-08-02 16:47:56,040 INFO - config-manager - Finished persisting configuration - no errors
2017-08-02 16:48:09,495 INFO - root - Displaying configuration window
2017-08-02 16:48:27,877 INFO - config-manager - Configuration changed - rebuilding in-memory structures
2017-08-02 16:48:27,900 INFO - config-manager - Configuration changed - rebuilding in-memory structures
2017-08-02 16:48:27,901 INFO - config-manager - Persisting configuration
2017-08-02 16:48:27,902 INFO - config-manager - Backing up existing config file
2017-08-02 16:48:27,904 INFO - config-manager - Finished persisting configuration - no errors
2017-08-02 16:48:39,575 INFO - root - Displaying configuration window
2017-08-02 16:49:30,965 INFO - config-manager - Configuration changed - rebuilding in-memory structures
2017-08-02 16:49:45,206 INFO - config-manager - Configuration changed - rebuilding in-memory structures
2017-08-02 16:51:54,595 INFO - config-manager - Configuration changed - rebuilding in-memory structures
2017-08-02 16:51:54,595 INFO - config-manager - Persisting configuration
2017-08-02 16:51:54,595 INFO - config-manager - Backing up existing config file
2017-08-02 16:51:54,596 INFO - config-manager - Finished persisting configuration - no errors
2017-08-03 18:46:32,071 INFO - root - Initialising application
2017-08-03 18:46:32,074 INFO - root - Initialise global hotkeys
2017-08-03 18:46:32,074 INFO - config-manager - Loading config from existing file: /home/dayfun/.config/autokey/autokey.json
2017-08-03 18:46:32,078 INFO - config-manager - Configuration changed - rebuilding in-memory structures
2017-08-03 18:46:32,078 INFO - config-manager - Successfully loaded configuration
2017-08-03 18:46:32,079 INFO - service - Starting service
2017-08-03 18:46:32,110 INFO - interface - XRecord interface thread starting
2017-08-03 18:46:32,110 INFO - service - Service now marked as running
2017-08-03 18:46:32,126 INFO - root - Displaying configuration window
2017-08-03 18:46:32,236 INFO - root - Entering main()
2017-08-03 18:47:08,681 INFO - config-manager - Configuration changed - rebuilding in-memory structures
2017-08-03 18:47:08,681 INFO - config-manager - Persisting configuration
2017-08-03 18:47:08,681 INFO - config-manager - Backing up existing config file
2017-08-03 18:47:08,681 INFO - config-manager - Finished persisting configuration - no errors
2017-08-03 18:48:38,930 INFO - root - Initialising application
2017-08-03 18:48:38,934 INFO - root - Initialise global hotkeys
2017-08-03 18:48:38,934 INFO - config-manager - Loading config from existing file: /home/dayfun/.config/autokey/autokey.json
2017-08-03 18:48:38,935 INFO - config-manager - Configuration changed - rebuilding in-memory structures
2017-08-03 18:48:38,935 INFO - config-manager - Successfully loaded configuration
2017-08-03 18:48:38,935 INFO - service - Starting service
2017-08-03 18:48:38,965 INFO - interface - XRecord interface thread starting
2017-08-03 18:48:38,965 INFO - service - Service now marked as running
2017-08-03 18:48:38,980 INFO - root - Entering main()
2017-08-03 18:59:35,515 INFO - root - Initialising application
2017-08-03 18:59:35,518 INFO - root - Initialise global hotkeys
2017-08-03 18:59:35,519 INFO - config-manager - Loading config from existing file: /home/dayfun/.config/autokey/autokey.json
2017-08-03 18:59:35,520 INFO - config-manager - Checking if upgrade is needed from version 0.90.4
2017-08-03 18:59:35,520 INFO - config-manager - Resetting interface type, new type: XRecord
2017-08-03 18:59:35,520 INFO - config-manager - Configuration changed - rebuilding in-memory structures
2017-08-03 18:59:35,520 INFO - config-manager - Persisting configuration
2017-08-03 18:59:35,520 INFO - config-manager - Backing up existing config file
2017-08-03 18:59:35,521 INFO - config-manager - Finished persisting configuration - no errors
2017-08-03 18:59:35,521 INFO - config-manager - Configuration changed - rebuilding in-memory structures
2017-08-03 18:59:35,521 INFO - config-manager - Successfully loaded configuration
2017-08-03 18:59:35,521 INFO - service - Starting service
2017-08-03 18:59:35,550 INFO - interface - XRecord interface thread starting
2017-08-03 18:59:35,550 INFO - service - Service now marked as running
2017-08-03 18:59:35,571 INFO - root - Displaying configuration window
2017-08-03 18:59:35,661 INFO - root - Entering main()
2017-08-03 19:00:18,848 INFO - config-manager - Configuration changed - rebuilding in-memory structures
2017-08-03 19:00:18,849 INFO - config-manager - Persisting configuration
2017-08-03 19:00:18,849 INFO - config-manager - Backing up existing config file
2017-08-03 19:00:18,849 INFO - config-manager - Finished persisting configuration - no errors
2017-08-03 19:00:22,288 INFO - config-manager - Configuration changed - rebuilding in-memory structures
2017-08-03 19:00:22,288 INFO - config-manager - Persisting configuration
2017-08-03 19:00:22,289 INFO - config-manager - Backing up existing config file
2017-08-03 19:00:22,289 INFO - config-manager - Finished persisting configuration - no errors
2017-08-03 19:00:48,178 INFO - root - Initialising application
2017-08-03 19:00:48,181 INFO - root - Initialise global hotkeys
2017-08-03 19:00:48,181 INFO - config-manager - Loading config from existing file: /home/dayfun/.config/autokey/autokey.json
2017-08-03 19:00:48,182 INFO - config-manager - Configuration changed - rebuilding in-memory structures
2017-08-03 19:00:48,183 INFO - config-manager - Successfully loaded configuration
2017-08-03 19:00:48,183 INFO - service - Starting service
2017-08-03 19:00:48,211 INFO - interface - XRecord interface thread starting
2017-08-03 19:00:48,212 INFO - service - Service now marked as running
2017-08-03 19:00:48,228 INFO - root - Entering main()
2017-08-03 19:02:20,279 INFO - root - Initialising application
2017-08-03 19:02:20,287 INFO - root - Initialise global hotkeys
2017-08-03 19:02:20,288 INFO - config-manager - Loading config from existing file: /home/dayfun/.config/autokey/autokey.json
2017-08-03 19:02:20,292 INFO - config-manager - Configuration changed - rebuilding in-memory structures
2017-08-03 19:02:20,292 INFO - config-manager - Successfully loaded configuration
2017-08-03 19:02:20,292 INFO - service - Starting service
2017-08-03 19:02:20,324 INFO - interface - XRecord interface thread starting
2017-08-03 19:02:20,325 INFO - service - Service now marked as running
2017-08-03 19:02:20,348 INFO - root - Entering main()
2017-08-03 19:03:35,513 INFO - root - Displaying configuration window
2017-08-03 19:04:39,569 INFO - config-manager - Configuration changed - rebuilding in-memory structures
2017-08-03 19:06:20,208 INFO - config-manager - Configuration changed - rebuilding in-memory structures
2017-08-03 19:07:08,944 INFO - config-manager - Configuration changed - rebuilding in-memory structures
2017-08-03 19:07:08,944 INFO - config-manager - Persisting configuration
2017-08-03 19:07:08,944 INFO - config-manager - Backing up existing config file
2017-08-03 19:07:08,944 INFO - config-manager - Finished persisting configuration - no errors
2017-08-04 09:06:32,291 INFO - root - Initialising application
2017-08-04 09:06:32,304 INFO - root - Initialise global hotkeys
2017-08-04 09:06:32,304 INFO - config-manager - Loading config from existing file: /home/dayfun/.config/autokey/autokey.json
2017-08-04 09:06:32,313 INFO - config-manager - Configuration changed - rebuilding in-memory structures
2017-08-04 09:06:32,313 INFO - config-manager - Successfully loaded configuration
2017-08-04 09:06:32,314 INFO - service - Starting service
2017-08-04 09:06:32,340 INFO - interface - XRecord interface thread starting
2017-08-04 09:06:32,340 INFO - service - Service now marked as running
2017-08-04 09:06:32,361 INFO - root - Entering main()
2017-08-04 17:15:52,463 INFO - root - Initialising application
2017-08-04 17:15:52,473 INFO - root - Initialise global hotkeys
2017-08-04 17:15:52,473 INFO - config-manager - Loading config from existing file: /home/dayfun/.config/autokey/autokey.json
2017-08-04 17:15:52,479 INFO - config-manager - Configuration changed - rebuilding in-memory structures
2017-08-04 17:15:52,480 INFO - config-manager - Successfully loaded configuration
2017-08-04 17:15:52,480 INFO - service - Starting service
2017-08-04 17:15:52,507 INFO - interface - XRecord interface thread starting
2017-08-04 17:15:52,508 INFO - service - Service now marked as running
2017-08-04 17:15:52,530 INFO - root - Entering main()
2017-08-04 18:10:29,637 INFO - root - Initialising application
2017-08-04 18:10:29,642 INFO - root - Initialise global hotkeys
2017-08-04 18:10:29,642 INFO - config-manager - Loading config from existing file: /home/dayfun/.config/autokey/autokey.json
2017-08-04 18:10:29,644 INFO - config-manager - Configuration changed - rebuilding in-memory structures
2017-08-04 18:10:29,644 INFO - config-manager - Successfully loaded configuration
2017-08-04 18:10:29,644 INFO - service - Starting service
2017-08-04 18:10:29,676 INFO - interface - XRecord interface thread starting
2017-08-04 18:10:29,676 INFO - service - Service now marked as running
2017-08-04 18:10:29,692 INFO - root - Entering main()
2017-08-04 18:29:11,107 INFO - root - Initialising application
2017-08-04 18:29:11,111 INFO - root - Initialise global hotkeys
2017-08-04 18:29:11,111 INFO - config-manager - Loading config from existing file: /home/dayfun/.config/autokey/autokey.json
2017-08-04 18:29:11,113 INFO - config-manager - Configuration changed - rebuilding in-memory structures
2017-08-04 18:29:11,114 INFO - config-manager - Successfully loaded configuration
2017-08-04 18:29:11,114 INFO - service - Starting service
2017-08-04 18:29:11,147 INFO - interface - XRecord interface thread starting
2017-08-04 18:29:11,148 INFO - service - Service now marked as running
2017-08-04 18:29:11,170 INFO - root - Entering main()
2017-08-04 18:35:43,290 INFO - root - Initialising application
2017-08-04 18:35:43,294 INFO - root - Initialise global hotkeys
2017-08-04 18:35:43,294 INFO - config-manager - Loading config from existing file: /home/dayfun/.config/autokey/autokey.json
2017-08-04 18:35:43,295 INFO - config-manager - Configuration changed - rebuilding in-memory structures
2017-08-04 18:35:43,295 INFO - config-manager - Successfully loaded configuration
2017-08-04 18:35:43,295 INFO - service - Starting service
2017-08-04 18:35:43,323 INFO - interface - XRecord interface thread starting
2017-08-04 18:35:43,323 INFO - service - Service now marked as running
2017-08-04 18:35:43,341 INFO - root - Entering main()
2017-08-04 18:42:32,587 INFO - root - Initialising application
2017-08-04 18:42:32,590 INFO - root - Initialise global hotkeys
2017-08-04 18:42:32,590 INFO - config-manager - Loading config from existing file: /home/dayfun/.config/autokey/autokey.json
2017-08-04 18:42:32,592 INFO - config-manager - Configuration changed - rebuilding in-memory structures
2017-08-04 18:42:32,592 INFO - config-manager - Successfully loaded configuration
2017-08-04 18:42:32,592 INFO - service - Starting service
2017-08-04 18:42:32,627 INFO - interface - XRecord interface thread starting
2017-08-04 18:42:32,628 INFO - service - Service now marked as running
2017-08-04 18:42:32,651 INFO - root - Entering main()
2017-08-04 19:11:47,884 INFO - root - Initialising application
2017-08-04 19:11:47,887 INFO - root - Initialise global hotkeys
2017-08-04 19:11:47,887 INFO - config-manager - Loading config from existing file: /home/dayfun/.config/autokey/autokey.json
2017-08-04 19:11:47,889 INFO - config-manager - Configuration changed - rebuilding in-memory structures
2017-08-04 19:11:47,890 INFO - config-manager - Successfully loaded configuration
2017-08-04 19:11:47,890 INFO - service - Starting service
2017-08-04 19:11:47,925 INFO - interface - XRecord interface thread starting
2017-08-04 19:11:47,926 INFO - service - Service now marked as running
2017-08-04 19:11:47,945 INFO - root - Entering main()
2017-08-04 19:25:04,881 INFO - root - Initialising application
2017-08-04 19:25:04,890 INFO - root - Initialise global hotkeys
2017-08-04 19:25:04,890 INFO - config-manager - Loading config from existing file: /home/dayfun/.config/autokey/autokey.json
2017-08-04 19:25:04,896 INFO - config-manager - Configuration changed - rebuilding in-memory structures
2017-08-04 19:25:04,897 INFO - config-manager - Successfully loaded configuration
2017-08-04 19:25:04,897 INFO - service - Starting service
2017-08-04 19:25:04,922 INFO - interface - XRecord interface thread starting
2017-08-04 19:25:04,923 INFO - service - Service now marked as running
2017-08-04 19:25:04,940 INFO - root - Entering main()
2017-08-05 13:15:46,862 INFO - root - Initialising application
2017-08-05 13:15:46,873 INFO - root - Initialise global hotkeys
2017-08-05 13:15:46,873 INFO - config-manager - Loading config from existing file: /home/dayfun/.config/autokey/autokey.json
2017-08-05 13:15:46,879 INFO - config-manager - Configuration changed - rebuilding in-memory structures
2017-08-05 13:15:46,879 INFO - config-manager - Successfully loaded configuration
2017-08-05 13:15:46,879 INFO - service - Starting service
2017-08-05 13:15:46,904 INFO - interface - XRecord interface thread starting
2017-08-05 13:15:46,905 INFO - service - Service now marked as running
2017-08-05 13:15:46,927 INFO - root - Entering main()
2017-08-05 16:44:34,364 INFO - root - Initialising application
2017-08-05 16:44:34,373 INFO - root - Initialise global hotkeys
2017-08-05 16:44:34,373 INFO - config-manager - Loading config from existing file: /home/dayfun/.config/autokey/autokey.json
2017-08-05 16:44:34,379 INFO - config-manager - Configuration changed - rebuilding in-memory structures
2017-08-05 16:44:34,379 INFO - config-manager - Successfully loaded configuration
2017-08-05 16:44:34,380 INFO - service - Starting service
2017-08-05 16:44:34,412 INFO - interface - XRecord interface thread starting
2017-08-05 16:44:34,413 INFO - service - Service now marked as running
2017-08-05 16:44:34,438 INFO - root - Entering main()
2017-08-06 13:45:29,427 INFO - root - Initialising application
2017-08-06 13:45:29,436 INFO - root - Initialise global hotkeys
2017-08-06 13:45:29,436 INFO - config-manager - Loading config from existing file: /home/dayfun/.config/autokey/autokey.json
2017-08-06 13:45:29,442 INFO - config-manager - Configuration changed - rebuilding in-memory structures
2017-08-06 13:45:29,443 INFO - config-manager - Successfully loaded configuration
2017-08-06 13:45:29,443 INFO - service - Starting service
2017-08-06 13:45:29,473 INFO - interface - XRecord interface thread starting
2017-08-06 13:45:29,473 INFO - service - Service now marked as running
2017-08-06 13:45:29,496 INFO - root - Entering main()
2017-08-06 17:48:05,515 INFO - root - Displaying configuration window
2017-08-06 17:48:27,415 INFO - config-manager - Configuration changed - rebuilding in-memory structures
2017-08-06 17:48:28,922 INFO - config-manager - Configuration changed - rebuilding in-memory structures
2017-08-06 17:48:28,923 INFO - config-manager - Persisting configuration
2017-08-06 17:48:28,923 INFO - config-manager - Backing up existing config file
2017-08-06 17:48:28,923 INFO - config-manager - Finished persisting configuration - no errors
2017-08-06 17:48:30,927 INFO - config-manager - Reloading global configuration
2017-08-06 17:48:30,927 INFO - config-manager - Configuration changed - rebuilding in-memory structures
2017-08-06 17:48:30,928 INFO - config-manager - Successfully reloaded global configuration
2017-08-06 17:48:31,930 INFO - config-manager - Reloading global configuration
2017-08-06 17:48:31,930 INFO - config-manager - Configuration changed - rebuilding in-memory structures
2017-08-06 17:48:31,931 INFO - config-manager - Successfully reloaded global configuration
2017-08-07 00:42:23,909 INFO - root - Initialising application
2017-08-07 00:42:23,918 INFO - root - Initialise global hotkeys
2017-08-07 00:42:23,918 INFO - config-manager - Loading config from existing file: /home/dayfun/.config/autokey/autokey.json
2017-08-07 00:42:23,925 INFO - config-manager - Configuration changed - rebuilding in-memory structures
2017-08-07 00:42:23,926 INFO - config-manager - Successfully loaded configuration
2017-08-07 00:42:23,926 INFO - service - Starting service
2017-08-07 00:42:23,963 INFO - interface - XRecord interface thread starting
2017-08-07 00:42:23,964 INFO - service - Service now marked as running
2017-08-07 00:42:23,988 INFO - root - Entering main()
2017-08-07 09:19:43,605 INFO - root - Initialising application
2017-08-07 09:19:43,613 INFO - root - Initialise global hotkeys
2017-08-07 09:19:43,613 INFO - config-manager - Loading config from existing file: /home/dayfun/.config/autokey/autokey.json
2017-08-07 09:19:43,618 INFO - config-manager - Configuration changed - rebuilding in-memory structures
2017-08-07 09:19:43,618 INFO - config-manager - Successfully loaded configuration
2017-08-07 09:19:43,618 INFO - service - Starting service
2017-08-07 09:19:43,645 INFO - interface - XRecord interface thread starting
2017-08-07 09:19:43,646 INFO - service - Service now marked as running
2017-08-07 09:19:43,662 INFO - root - Entering main()
2017-08-09 10:44:12,085 INFO - root - Initialising application
2017-08-09 10:44:12,089 INFO - root - Initialise global hotkeys
2017-08-09 10:44:12,089 INFO - config-manager - Loading config from existing file: /home/dayfun/.config/autokey/autokey.json
2017-08-09 10:44:12,098 INFO - config-manager - Configuration changed - rebuilding in-memory structures
2017-08-09 10:44:12,098 INFO - config-manager - Successfully loaded configuration
2017-08-09 10:44:12,098 INFO - service - Starting service
2017-08-09 10:44:12,124 INFO - interface - XRecord interface thread starting
2017-08-09 10:44:12,124 INFO - service - Service now marked as running
2017-08-09 10:44:12,141 INFO - root - Entering main()
2017-08-10 15:40:08,431 INFO - root - Initialising application
2017-08-10 15:40:08,440 INFO - root - Initialise global hotkeys
2017-08-10 15:40:08,440 INFO - config-manager - Loading config from existing file: /home/dayfun/.config/autokey/autokey.json
2017-08-10 15:40:08,447 INFO - config-manager - Configuration changed - rebuilding in-memory structures
2017-08-10 15:40:08,447 INFO - config-manager - Successfully loaded configuration
2017-08-10 15:40:08,448 INFO - service - Starting service
2017-08-10 15:40:08,483 INFO - interface - XRecord interface thread starting
2017-08-10 15:40:08,483 INFO - service - Service now marked as running
2017-08-10 15:40:08,509 INFO - root - Entering main()
2017-08-10 20:49:10,557 INFO - root - Initialising application
2017-08-10 20:49:10,566 INFO - root - Initialise global hotkeys
2017-08-10 20:49:10,566 INFO - config-manager - Loading config from existing file: /home/dayfun/.config/autokey/autokey.json
2017-08-10 20:49:10,572 INFO - config-manager - Configuration changed - rebuilding in-memory structures
2017-08-10 20:49:10,573 INFO - config-manager - Successfully loaded configuration
2017-08-10 20:49:10,573 INFO - service - Starting service
2017-08-10 20:49:10,599 INFO - interface - XRecord interface thread starting
2017-08-10 20:49:10,599 INFO - service - Service now marked as running
2017-08-10 20:49:10,615 INFO - root - Entering main()
2017-08-12 14:31:27,265 INFO - root - Initialising application
2017-08-12 14:31:27,273 INFO - root - Initialise global hotkeys
2017-08-12 14:31:27,273 INFO - config-manager - Loading config from existing file: /home/dayfun/.config/autokey/autokey.json
2017-08-12 14:31:27,278 INFO - config-manager - Configuration changed - rebuilding in-memory structures
2017-08-12 14:31:27,279 INFO - config-manager - Successfully loaded configuration
2017-08-12 14:31:27,279 INFO - service - Starting service
2017-08-12 14:31:27,311 INFO - interface - XRecord interface thread starting
2017-08-12 14:31:27,311 INFO - service - Service now marked as running
2017-08-12 14:31:27,332 INFO - root - Entering main()
2017-08-12 21:32:39,319 INFO - root - Initialising application
2017-08-12 21:32:39,329 INFO - root - Initialise global hotkeys
2017-08-12 21:32:39,329 INFO - config-manager - Loading config from existing file: /home/dayfun/.config/autokey/autokey.json
2017-08-12 21:32:39,335 INFO - config-manager - Configuration changed - rebuilding in-memory structures
2017-08-12 21:32:39,335 INFO - config-manager - Successfully loaded configuration
2017-08-12 21:32:39,335 INFO - service - Starting service
2017-08-12 21:32:39,373 INFO - interface - XRecord interface thread starting
2017-08-12 21:32:39,374 INFO - service - Service now marked as running
2017-08-12 21:32:39,399 INFO - root - Entering main()
2017-08-12 22:52:45,896 INFO - root - Displaying configuration window
2017-08-12 22:53:12,481 INFO - config-manager - Configuration changed - rebuilding in-memory structures
2017-08-12 22:53:20,016 INFO - config-manager - Configuration changed - rebuilding in-memory structures
2017-08-12 22:53:51,200 INFO - config-manager - Configuration changed - rebuilding in-memory structures
2017-08-12 22:53:55,488 INFO - config-manager - Configuration changed - rebuilding in-memory structures
2017-08-12 22:54:01,288 INFO - config-manager - Configuration changed - rebuilding in-memory structures
2017-08-13 12:34:54,562 INFO - root - Initialising application
2017-08-13 12:34:54,570 INFO - root - Initialise global hotkeys
2017-08-13 12:34:54,570 INFO - config-manager - Loading config from existing file: /home/dayfun/.config/autokey/autokey.json
2017-08-13 12:34:54,575 INFO - config-manager - Configuration changed - rebuilding in-memory structures
2017-08-13 12:34:54,575 INFO - config-manager - Successfully loaded configuration
2017-08-13 12:34:54,575 INFO - service - Starting service
2017-08-13 12:34:54,606 INFO - interface - XRecord interface thread starting
2017-08-13 12:34:54,607 INFO - service - Service now marked as running
2017-08-13 12:34:54,638 INFO - root - Entering main()
2017-08-13 14:44:06,843 INFO - root - Displaying configuration window
2017-08-13 14:50:40,078 INFO - config-manager - Configuration changed - rebuilding in-memory structures
2017-08-13 14:50:46,901 INFO - service - Undoing last abbreviation expansion
2017-08-13 14:50:55,018 INFO - config-manager - Configuration changed - rebuilding in-memory structures
2017-08-13 15:39:12,279 INFO - root - Initialising application
2017-08-13 15:39:12,289 INFO - root - Initialise global hotkeys
2017-08-13 15:39:12,289 INFO - config-manager - Loading config from existing file: /home/dayfun/.config/autokey/autokey.json
2017-08-13 15:39:12,295 INFO - config-manager - Configuration changed - rebuilding in-memory structures
2017-08-13 15:39:12,295 INFO - config-manager - Successfully loaded configuration
2017-08-13 15:39:12,295 INFO - service - Starting service
2017-08-13 15:39:12,321 INFO - interface - XRecord interface thread starting
2017-08-13 15:39:12,321 INFO - service - Service now marked as running
2017-08-13 15:39:12,338 INFO - root - Entering main()
2017-08-13 23:46:30,673 INFO - root - Displaying configuration window
2017-08-14 00:16:31,051 INFO - config-manager - Configuration changed - rebuilding in-memory structures
2017-08-14 00:16:38,082 INFO - config-manager - Configuration changed - rebuilding in-memory structures
2017-08-14 00:16:51,904 INFO - config-manager - Configuration changed - rebuilding in-memory structures
2017-08-14 00:17:00,866 INFO - config-manager - Configuration changed - rebuilding in-memory structures
2017-08-14 00:17:00,867 INFO - config-manager - Persisting configuration
2017-08-14 00:17:00,867 INFO - config-manager - Backing up existing config file
2017-08-14 00:17:00,868 INFO - config-manager - Finished persisting configuration - no errors
2017-08-14 00:17:05,334 INFO - config-manager - Configuration changed - rebuilding in-memory structures
2017-08-14 00:17:05,334 INFO - config-manager - Persisting configuration
2017-08-14 00:17:05,335 INFO - config-manager - Backing up existing config file
2017-08-14 00:17:05,337 INFO - config-manager - Finished persisting configuration - no errors
2017-08-14 00:17:08,341 INFO - config-manager - Configuration changed - rebuilding in-memory structures
2017-08-14 00:17:08,341 INFO - config-manager - Persisting configuration
2017-08-14 00:17:08,341 INFO - config-manager - Backing up existing config file
2017-08-14 00:17:08,344 INFO - config-manager - Finished persisting configuration - no errors
2017-08-14 00:17:13,180 INFO - config-manager - Configuration changed - rebuilding in-memory structures
2017-08-14 00:17:13,181 INFO - config-manager - Persisting configuration
2017-08-14 00:17:13,181 INFO - config-manager - Backing up existing config file
2017-08-14 00:17:13,184 INFO - config-manager - Finished persisting configuration - no errors
2017-08-14 00:17:30,446 INFO - config-manager - Configuration changed - rebuilding in-memory structures
2017-08-14 00:17:30,446 INFO - config-manager - Persisting configuration
2017-08-14 00:17:30,447 INFO - config-manager - Backing up existing config file
2017-08-14 00:17:30,448 INFO - config-manager - Finished persisting configuration - no errors
2017-08-14 00:17:30,939 WARNING - config-manager - No action taken for delete event at /home/dayfun/.config/autokey/data/Scripts/Selection Test.py
2017-08-14 00:17:33,272 INFO - config-manager - Configuration changed - rebuilding in-memory structures
2017-08-14 00:17:33,273 INFO - config-manager - Persisting configuration
2017-08-14 00:17:33,273 INFO - config-manager - Backing up existing config file
2017-08-14 00:17:33,276 INFO - config-manager - Finished persisting configuration - no errors
2017-08-14 00:18:29,582 INFO - config-manager - Configuration changed - rebuilding in-memory structures
2017-08-14 00:18:48,685 INFO - config-manager - Configuration changed - rebuilding in-memory structures
2017-08-14 00:18:48,686 INFO - config-manager - Persisting configuration
2017-08-14 00:18:48,687 INFO - config-manager - Backing up existing config file
2017-08-14 00:18:48,688 INFO - config-manager - Finished persisting configuration - no errors
2017-08-14 00:18:54,225 INFO - root - Displaying configuration window
2017-08-14 00:23:46,910 INFO - config-manager - Configuration changed - rebuilding in-memory structures
2017-08-14 00:23:50,023 INFO - config-manager - Configuration changed - rebuilding in-memory structures
2017-08-14 00:23:50,023 INFO - config-manager - Persisting configuration
2017-08-14 00:23:50,024 INFO - config-manager - Backing up existing config file
2017-08-14 00:23:50,027 INFO - config-manager - Finished persisting configuration - no errors
2017-08-14 00:23:51,110 INFO - config-manager - Configuration changed - rebuilding in-memory structures
2017-08-14 00:23:51,110 INFO - config-manager - Persisting configuration
2017-08-14 00:23:51,111 INFO - config-manager - Backing up existing config file
2017-08-14 00:23:51,111 INFO - config-manager - Finished persisting configuration - no errors
2017-08-14 12:32:06,401 INFO - root - Initialising application
2017-08-14 12:32:06,406 INFO - root - Initialise global hotkeys
2017-08-14 12:32:06,406 INFO - config-manager - Loading config from existing file: /home/dayfun/.config/autokey/autokey.json
2017-08-14 12:32:06,416 INFO - config-manager - Configuration changed - rebuilding in-memory structures
2017-08-14 12:32:06,416 INFO - config-manager - Successfully loaded configuration
2017-08-14 12:32:06,416 INFO - service - Starting service
2017-08-14 12:32:06,446 INFO - interface - XRecord interface thread starting
2017-08-14 12:32:06,447 INFO - service - Service now marked as running
2017-08-14 12:32:06,471 INFO - root - Entering main()
2017-08-15 09:21:10,825 INFO - root - Initialising application
2017-08-15 09:21:10,829 INFO - root - Initialise global hotkeys
2017-08-15 09:21:10,829 INFO - config-manager - Loading config from existing file: /home/dayfun/.config/autokey/autokey.json
2017-08-15 09:21:10,837 INFO - config-manager - Configuration changed - rebuilding in-memory structures
2017-08-15 09:21:10,838 INFO - config-manager - Successfully loaded configuration
2017-08-15 09:21:10,838 INFO - service - Starting service
2017-08-15 09:21:10,870 INFO - interface - XRecord interface thread starting
2017-08-15 09:21:10,871 INFO - service - Service now marked as running
2017-08-15 09:21:10,889 INFO - root - Entering main()
2017-08-15 16:40:46,305 INFO - root - Initialising application
2017-08-15 16:40:46,309 INFO - root - Initialise global hotkeys
2017-08-15 16:40:46,309 INFO - config-manager - Loading config from existing file: /home/dayfun/.config/autokey/autokey.json
2017-08-15 16:40:46,315 INFO - config-manager - Configuration changed - rebuilding in-memory structures
2017-08-15 16:40:46,316 INFO - config-manager - Successfully loaded configuration
2017-08-15 16:40:46,316 INFO - service - Starting service
2017-08-15 16:40:46,343 INFO - interface - XRecord interface thread starting
2017-08-15 16:40:46,343 INFO - service - Service now marked as running
2017-08-15 16:40:46,366 INFO - root - Entering main()
2017-08-15 16:48:47,403 INFO - root - Displaying configuration window
2017-08-15 16:49:11,736 INFO - config-manager - Configuration changed - rebuilding in-memory structures
2017-08-15 16:49:37,827 INFO - config-manager - Configuration changed - rebuilding in-memory structures
2017-08-15 16:50:45,068 INFO - config-manager - Configuration changed - rebuilding in-memory structures
2017-08-15 16:50:45,068 INFO - config-manager - Persisting configuration
2017-08-15 16:50:45,069 INFO - config-manager - Backing up existing config file
2017-08-15 16:50:45,071 INFO - config-manager - Finished persisting configuration - no errors
2017-08-15 18:56:13,975 INFO - root - Initialising application
2017-08-15 18:56:13,979 INFO - root - Initialise global hotkeys
2017-08-15 18:56:13,979 INFO - config-manager - Loading config from existing file: /home/dayfun/.config/autokey/autokey.json
2017-08-15 18:56:13,984 INFO - config-manager - Configuration changed - rebuilding in-memory structures
2017-08-15 18:56:13,984 INFO - config-manager - Successfully loaded configuration
2017-08-15 18:56:13,985 INFO - service - Starting service
2017-08-15 18:56:14,012 INFO - interface - XRecord interface thread starting
2017-08-15 18:56:14,012 INFO - service - Service now marked as running
2017-08-15 18:56:14,034 INFO - root - Entering main()
2017-08-15 23:21:00,208 INFO - root - Initialising application
2017-08-15 23:21:00,213 INFO - root - Initialise global hotkeys
2017-08-15 23:21:00,213 INFO - config-manager - Loading config from existing file: /home/dayfun/.config/autokey/autokey.json
2017-08-15 23:21:00,218 INFO - config-manager - Configuration changed - rebuilding in-memory structures
2017-08-15 23:21:00,219 INFO - config-manager - Successfully loaded configuration
2017-08-15 23:21:00,219 INFO - service - Starting service
2017-08-15 23:21:00,249 INFO - interface - XRecord interface thread starting
2017-08-15 23:21:00,250 INFO - service - Service now marked as running
2017-08-15 23:21:00,270 INFO - root - Entering main()
2017-08-16 08:40:59,466 INFO - root - Initialising application
2017-08-16 08:40:59,472 INFO - root - Initialise global hotkeys
2017-08-16 08:40:59,472 INFO - config-manager - Loading config from existing file: /home/dayfun/.config/autokey/autokey.json
2017-08-16 08:40:59,484 INFO - config-manager - Configuration changed - rebuilding in-memory structures
2017-08-16 08:40:59,484 INFO - config-manager - Successfully loaded configuration
2017-08-16 08:40:59,484 INFO - service - Starting service
2017-08-16 08:40:59,521 INFO - interface - XRecord interface thread starting
2017-08-16 08:40:59,521 INFO - service - Service now marked as running
2017-08-16 08:40:59,548 INFO - root - Entering main()
2017-08-17 08:05:24,806 INFO - root - Initialising application
2017-08-17 08:05:24,814 INFO - root - Initialise global hotkeys
2017-08-17 08:05:24,814 INFO - config-manager - Loading config from existing file: /home/dayfun/.config/autokey/autokey.json
2017-08-17 08:05:24,823 INFO - config-manager - Configuration changed - rebuilding in-memory structures
2017-08-17 08:05:24,823 INFO - config-manager - Successfully loaded configuration
2017-08-17 08:05:24,823 INFO - service - Starting service
2017-08-17 08:05:24,891 INFO - interface - XRecord interface thread starting
2017-08-17 08:05:24,892 INFO - service - Service now marked as running
2017-08-17 08:05:24,909 INFO - root - Entering main()
2017-08-17 18:35:02,453 INFO - root - Displaying configuration window
2017-08-17 18:35:22,367 INFO - config-manager - Configuration changed - rebuilding in-memory structures
2017-08-17 18:35:22,367 INFO - config-manager - Persisting configuration
2017-08-17 18:35:22,367 INFO - config-manager - Backing up existing config file
2017-08-17 18:35:22,368 INFO - config-manager - Finished persisting configuration - no errors
2017-08-17 18:40:23,168 INFO - config-manager - Configuration changed - rebuilding in-memory structures
2017-08-17 18:40:23,169 INFO - config-manager - Persisting configuration
2017-08-17 18:40:23,169 INFO - config-manager - Backing up existing config file
2017-08-17 18:40:23,170 INFO - config-manager - Finished persisting configuration - no errors
